[2021-02-26 10:23:48,058] INFO [django.utils.autoreload.run_with_reloader:612 autoreload] Watching for file changes with StatReloader
[2021-02-26 10:28:40,191] INFO [django.utils.autoreload.trigger_reload:236 autoreload] D:\RT\DjangoBlog-master\DjangoBlog\settings.py changed, reloading.
[2021-02-26 10:42:08,001] INFO [DjangoBlog.utils.news:65 utils] cache_decorator set cache:get_current_site key:1f017e0b50a07764e9e4188d14b140c9
[2021-02-26 10:42:08,370] INFO [DjangoBlog.spider_notify.baidu_notify:30 spider_notify] {"remain":100000,"success":0,"not_same_site":["https://example.com/author/%E6%B5%8B%E8%AF%95%E7%94%A8%E6%88%B7.html"]}
[2021-02-26 10:42:08,383] INFO [DjangoBlog.utils.news:65 utils] cache_decorator set cache:get_current_site key:1f017e0b50a07764e9e4188d14b140c9
[2021-02-26 10:42:08,605] INFO [DjangoBlog.spider_notify.baidu_notify:30 spider_notify] {"remain":100000,"success":0,"not_same_site":["https://example.com/category/wo-shi-fu-lei-mu.html"]}
[2021-02-26 10:42:08,612] INFO [DjangoBlog.utils.news:65 utils] cache_decorator set cache:get_current_site key:1f017e0b50a07764e9e4188d14b140c9
[2021-02-26 10:42:08,934] INFO [DjangoBlog.spider_notify.baidu_notify:30 spider_notify] {"remain":100000,"success":0,"not_same_site":["https://example.com/category/zi-lei-mu.html"]}
[2021-02-26 10:42:08,939] INFO [DjangoBlog.utils.news:65 utils] cache_decorator set cache:get_current_site key:1f017e0b50a07764e9e4188d14b140c9
[2021-02-26 10:42:09,278] INFO [DjangoBlog.spider_notify.baidu_notify:30 spider_notify] {"remain":100000,"success":0,"not_same_site":["https://example.com/category/zi-lei-mu.html"]}
[2021-02-26 10:42:09,284] INFO [DjangoBlog.utils.news:65 utils] cache_decorator set cache:get_current_site key:1f017e0b50a07764e9e4188d14b140c9
[2021-02-26 10:42:09,665] INFO [DjangoBlog.spider_notify.baidu_notify:30 spider_notify] {"remain":100000,"success":0,"not_same_site":["https://example.com/tag/biao-qian.html"]}
[2021-02-26 10:42:10,431] INFO [DjangoBlog.utils.news:65 utils] cache_decorator set cache:get_current_site key:1f017e0b50a07764e9e4188d14b140c9
[2021-02-26 10:42:10,596] INFO [DjangoBlog.spider_notify.baidu_notify:30 spider_notify] {"remain":100000,"success":0,"not_same_site":["https://example.com/article/2021/2/26/1.html"]}
[2021-02-26 10:42:10,605] INFO [DjangoBlog.utils.news:65 utils] cache_decorator set cache:get_current_site key:1f017e0b50a07764e9e4188d14b140c9
[2021-02-26 10:42:10,928] INFO [DjangoBlog.spider_notify.baidu_notify:30 spider_notify] {"remain":100000,"success":0,"not_same_site":["https://example.com/tag/biao-qian-1.html"]}
[2021-02-26 10:42:10,968] INFO [DjangoBlog.utils.news:65 utils] cache_decorator set cache:get_current_site key:1f017e0b50a07764e9e4188d14b140c9
[2021-02-26 10:42:11,130] INFO [DjangoBlog.spider_notify.baidu_notify:30 spider_notify] {"remain":100000,"success":0,"not_same_site":["https://example.com/article/2021/2/26/1.html"]}
[2021-02-26 10:42:11,167] INFO [DjangoBlog.utils.news:65 utils] cache_decorator set cache:get_current_site key:1f017e0b50a07764e9e4188d14b140c9
[2021-02-26 10:42:11,507] INFO [DjangoBlog.spider_notify.baidu_notify:30 spider_notify] {"remain":100000,"success":0,"not_same_site":["https://example.com/article/2021/2/26/2.html"]}
[2021-02-26 10:42:11,514] INFO [DjangoBlog.utils.news:65 utils] cache_decorator set cache:get_current_site key:1f017e0b50a07764e9e4188d14b140c9
[2021-02-26 10:42:11,740] INFO [DjangoBlog.spider_notify.baidu_notify:30 spider_notify] {"remain":100000,"success":0,"not_same_site":["https://example.com/tag/biao-qian-2.html"]}
[2021-02-26 10:42:11,770] INFO [DjangoBlog.utils.news:65 utils] cache_decorator set cache:get_current_site key:1f017e0b50a07764e9e4188d14b140c9
[2021-02-26 10:42:12,021] INFO [DjangoBlog.spider_notify.baidu_notify:30 spider_notify] {"remain":100000,"success":0,"not_same_site":["https://example.com/article/2021/2/26/2.html"]}
[2021-02-26 10:42:12,054] INFO [DjangoBlog.utils.news:65 utils] cache_decorator set cache:get_current_site key:1f017e0b50a07764e9e4188d14b140c9
[2021-02-26 10:42:12,293] INFO [DjangoBlog.spider_notify.baidu_notify:30 spider_notify] {"remain":100000,"success":0,"not_same_site":["https://example.com/article/2021/2/26/3.html"]}
[2021-02-26 10:42:12,301] INFO [DjangoBlog.utils.news:65 utils] cache_decorator set cache:get_current_site key:1f017e0b50a07764e9e4188d14b140c9
[2021-02-26 10:42:12,450] INFO [DjangoBlog.spider_notify.baidu_notify:30 spider_notify] {"remain":100000,"success":0,"not_same_site":["https://example.com/tag/biao-qian-3.html"]}
[2021-02-26 10:42:12,502] INFO [DjangoBlog.utils.news:65 utils] cache_decorator set cache:get_current_site key:1f017e0b50a07764e9e4188d14b140c9
[2021-02-26 10:42:12,863] INFO [DjangoBlog.spider_notify.baidu_notify:30 spider_notify] {"remain":100000,"success":0,"not_same_site":["https://example.com/article/2021/2/26/3.html"]}
[2021-02-26 10:42:12,898] INFO [DjangoBlog.utils.news:65 utils] cache_decorator set cache:get_current_site key:1f017e0b50a07764e9e4188d14b140c9
[2021-02-26 10:42:13,146] INFO [DjangoBlog.spider_notify.baidu_notify:30 spider_notify] {"remain":100000,"success":0,"not_same_site":["https://example.com/article/2021/2/26/4.html"]}
[2021-02-26 10:42:13,155] INFO [DjangoBlog.utils.news:65 utils] cache_decorator set cache:get_current_site key:1f017e0b50a07764e9e4188d14b140c9
[2021-02-26 10:42:13,521] INFO [DjangoBlog.spider_notify.baidu_notify:30 spider_notify] {"remain":100000,"success":0,"not_same_site":["https://example.com/tag/biao-qian-4.html"]}
[2021-02-26 10:42:13,549] INFO [DjangoBlog.utils.news:65 utils] cache_decorator set cache:get_current_site key:1f017e0b50a07764e9e4188d14b140c9
[2021-02-26 10:42:13,998] INFO [DjangoBlog.spider_notify.baidu_notify:30 spider_notify] {"remain":100000,"success":0,"not_same_site":["https://example.com/article/2021/2/26/4.html"]}
[2021-02-26 10:42:14,032] INFO [DjangoBlog.utils.news:65 utils] cache_decorator set cache:get_current_site key:1f017e0b50a07764e9e4188d14b140c9
[2021-02-26 10:42:14,303] INFO [DjangoBlog.spider_notify.baidu_notify:30 spider_notify] {"remain":100000,"success":0,"not_same_site":["https://example.com/article/2021/2/26/5.html"]}
[2021-02-26 10:42:14,311] INFO [DjangoBlog.utils.news:65 utils] cache_decorator set cache:get_current_site key:1f017e0b50a07764e9e4188d14b140c9
[2021-02-26 10:42:14,472] INFO [DjangoBlog.spider_notify.baidu_notify:30 spider_notify] {"remain":100000,"success":0,"not_same_site":["https://example.com/tag/biao-qian-5.html"]}
[2021-02-26 10:42:14,502] INFO [DjangoBlog.utils.news:65 utils] cache_decorator set cache:get_current_site key:1f017e0b50a07764e9e4188d14b140c9
[2021-02-26 10:42:14,855] INFO [DjangoBlog.spider_notify.baidu_notify:30 spider_notify] {"remain":100000,"success":0,"not_same_site":["https://example.com/article/2021/2/26/5.html"]}
[2021-02-26 10:42:14,904] INFO [DjangoBlog.utils.news:65 utils] cache_decorator set cache:get_current_site key:1f017e0b50a07764e9e4188d14b140c9
[2021-02-26 10:42:15,258] INFO [DjangoBlog.spider_notify.baidu_notify:30 spider_notify] {"remain":100000,"success":0,"not_same_site":["https://example.com/article/2021/2/26/6.html"]}
[2021-02-26 10:42:15,268] INFO [DjangoBlog.utils.news:65 utils] cache_decorator set cache:get_current_site key:1f017e0b50a07764e9e4188d14b140c9
[2021-02-26 10:42:15,419] INFO [DjangoBlog.spider_notify.baidu_notify:30 spider_notify] {"remain":100000,"success":0,"not_same_site":["https://example.com/tag/biao-qian-6.html"]}
[2021-02-26 10:42:15,458] INFO [DjangoBlog.utils.news:65 utils] cache_decorator set cache:get_current_site key:1f017e0b50a07764e9e4188d14b140c9
[2021-02-26 10:42:15,599] INFO [DjangoBlog.spider_notify.baidu_notify:30 spider_notify] {"remain":100000,"success":0,"not_same_site":["https://example.com/article/2021/2/26/6.html"]}
[2021-02-26 10:42:15,630] INFO [DjangoBlog.utils.news:65 utils] cache_decorator set cache:get_current_site key:1f017e0b50a07764e9e4188d14b140c9
[2021-02-26 10:42:15,854] INFO [DjangoBlog.spider_notify.baidu_notify:30 spider_notify] {"remain":100000,"success":0,"not_same_site":["https://example.com/article/2021/2/26/7.html"]}
[2021-02-26 10:42:15,864] INFO [DjangoBlog.utils.news:65 utils] cache_decorator set cache:get_current_site key:1f017e0b50a07764e9e4188d14b140c9
[2021-02-26 10:42:16,024] INFO [DjangoBlog.spider_notify.baidu_notify:30 spider_notify] {"remain":100000,"success":0,"not_same_site":["https://example.com/tag/biao-qian-7.html"]}
[2021-02-26 10:42:16,054] INFO [DjangoBlog.utils.news:65 utils] cache_decorator set cache:get_current_site key:1f017e0b50a07764e9e4188d14b140c9
[2021-02-26 10:42:16,254] INFO [DjangoBlog.spider_notify.baidu_notify:30 spider_notify] {"remain":100000,"success":0,"not_same_site":["https://example.com/article/2021/2/26/7.html"]}
[2021-02-26 10:42:16,288] INFO [DjangoBlog.utils.news:65 utils] cache_decorator set cache:get_current_site key:1f017e0b50a07764e9e4188d14b140c9
[2021-02-26 10:42:16,531] INFO [DjangoBlog.spider_notify.baidu_notify:30 spider_notify] {"remain":100000,"success":0,"not_same_site":["https://example.com/article/2021/2/26/8.html"]}
[2021-02-26 10:42:16,540] INFO [DjangoBlog.utils.news:65 utils] cache_decorator set cache:get_current_site key:1f017e0b50a07764e9e4188d14b140c9
[2021-02-26 10:42:16,747] INFO [DjangoBlog.spider_notify.baidu_notify:30 spider_notify] {"remain":100000,"success":0,"not_same_site":["https://example.com/tag/biao-qian-8.html"]}
[2021-02-26 10:42:16,810] INFO [DjangoBlog.utils.news:65 utils] cache_decorator set cache:get_current_site key:1f017e0b50a07764e9e4188d14b140c9
[2021-02-26 10:42:17,042] INFO [DjangoBlog.spider_notify.baidu_notify:30 spider_notify] {"remain":100000,"success":0,"not_same_site":["https://example.com/article/2021/2/26/8.html"]}
[2021-02-26 10:42:17,075] INFO [DjangoBlog.utils.news:65 utils] cache_decorator set cache:get_current_site key:1f017e0b50a07764e9e4188d14b140c9
[2021-02-26 10:42:17,216] INFO [DjangoBlog.spider_notify.baidu_notify:30 spider_notify] {"remain":100000,"success":0,"not_same_site":["https://example.com/article/2021/2/26/9.html"]}
[2021-02-26 10:42:17,222] INFO [DjangoBlog.utils.news:65 utils] cache_decorator set cache:get_current_site key:1f017e0b50a07764e9e4188d14b140c9
[2021-02-26 10:42:17,455] INFO [DjangoBlog.spider_notify.baidu_notify:30 spider_notify] {"remain":100000,"success":0,"not_same_site":["https://example.com/tag/biao-qian-9.html"]}
[2021-02-26 10:42:17,483] INFO [DjangoBlog.utils.news:65 utils] cache_decorator set cache:get_current_site key:1f017e0b50a07764e9e4188d14b140c9
[2021-02-26 10:42:17,743] INFO [DjangoBlog.spider_notify.baidu_notify:30 spider_notify] {"remain":100000,"success":0,"not_same_site":["https://example.com/article/2021/2/26/9.html"]}
[2021-02-26 10:42:17,779] INFO [DjangoBlog.utils.news:65 utils] cache_decorator set cache:get_current_site key:1f017e0b50a07764e9e4188d14b140c9
[2021-02-26 10:42:17,922] INFO [DjangoBlog.spider_notify.baidu_notify:30 spider_notify] {"remain":100000,"success":0,"not_same_site":["https://example.com/article/2021/2/26/10.html"]}
[2021-02-26 10:42:17,932] INFO [DjangoBlog.utils.news:65 utils] cache_decorator set cache:get_current_site key:1f017e0b50a07764e9e4188d14b140c9
[2021-02-26 10:42:18,196] INFO [DjangoBlog.spider_notify.baidu_notify:30 spider_notify] {"remain":100000,"success":0,"not_same_site":["https://example.com/tag/biao-qian-10.html"]}
[2021-02-26 10:42:18,229] INFO [DjangoBlog.utils.news:65 utils] cache_decorator set cache:get_current_site key:1f017e0b50a07764e9e4188d14b140c9
[2021-02-26 10:42:18,460] INFO [DjangoBlog.spider_notify.baidu_notify:30 spider_notify] {"remain":100000,"success":0,"not_same_site":["https://example.com/article/2021/2/26/10.html"]}
[2021-02-26 10:42:18,514] INFO [DjangoBlog.utils.news:65 utils] cache_decorator set cache:get_current_site key:1f017e0b50a07764e9e4188d14b140c9
[2021-02-26 10:42:18,777] INFO [DjangoBlog.spider_notify.baidu_notify:30 spider_notify] {"remain":100000,"success":0,"not_same_site":["https://example.com/article/2021/2/26/11.html"]}
[2021-02-26 10:42:18,785] INFO [DjangoBlog.utils.news:65 utils] cache_decorator set cache:get_current_site key:1f017e0b50a07764e9e4188d14b140c9
[2021-02-26 10:42:19,150] INFO [DjangoBlog.spider_notify.baidu_notify:30 spider_notify] {"remain":100000,"success":0,"not_same_site":["https://example.com/tag/biao-qian-11.html"]}
[2021-02-26 10:42:19,192] INFO [DjangoBlog.utils.news:65 utils] cache_decorator set cache:get_current_site key:1f017e0b50a07764e9e4188d14b140c9
[2021-02-26 10:42:19,453] INFO [DjangoBlog.spider_notify.baidu_notify:30 spider_notify] {"remain":100000,"success":0,"not_same_site":["https://example.com/article/2021/2/26/11.html"]}
[2021-02-26 10:42:19,487] INFO [DjangoBlog.utils.news:65 utils] cache_decorator set cache:get_current_site key:1f017e0b50a07764e9e4188d14b140c9
[2021-02-26 10:42:19,727] INFO [DjangoBlog.spider_notify.baidu_notify:30 spider_notify] {"remain":100000,"success":0,"not_same_site":["https://example.com/article/2021/2/26/12.html"]}
[2021-02-26 10:42:19,735] INFO [DjangoBlog.utils.news:65 utils] cache_decorator set cache:get_current_site key:1f017e0b50a07764e9e4188d14b140c9
[2021-02-26 10:42:20,095] INFO [DjangoBlog.spider_notify.baidu_notify:30 spider_notify] {"remain":100000,"success":0,"not_same_site":["https://example.com/tag/biao-qian-12.html"]}
[2021-02-26 10:42:20,122] INFO [DjangoBlog.utils.news:65 utils] cache_decorator set cache:get_current_site key:1f017e0b50a07764e9e4188d14b140c9
[2021-02-26 10:42:20,371] INFO [DjangoBlog.spider_notify.baidu_notify:30 spider_notify] {"remain":100000,"success":0,"not_same_site":["https://example.com/article/2021/2/26/12.html"]}
[2021-02-26 10:42:20,405] INFO [DjangoBlog.utils.news:65 utils] cache_decorator set cache:get_current_site key:1f017e0b50a07764e9e4188d14b140c9
[2021-02-26 10:42:20,639] INFO [DjangoBlog.spider_notify.baidu_notify:30 spider_notify] {"remain":100000,"success":0,"not_same_site":["https://example.com/article/2021/2/26/13.html"]}
[2021-02-26 10:42:20,647] INFO [DjangoBlog.utils.news:65 utils] cache_decorator set cache:get_current_site key:1f017e0b50a07764e9e4188d14b140c9
[2021-02-26 10:42:20,801] INFO [DjangoBlog.spider_notify.baidu_notify:30 spider_notify] {"remain":100000,"success":0,"not_same_site":["https://example.com/tag/biao-qian-13.html"]}
[2021-02-26 10:42:20,869] INFO [DjangoBlog.utils.news:65 utils] cache_decorator set cache:get_current_site key:1f017e0b50a07764e9e4188d14b140c9
[2021-02-26 10:42:21,015] INFO [DjangoBlog.spider_notify.baidu_notify:30 spider_notify] {"remain":100000,"success":0,"not_same_site":["https://example.com/article/2021/2/26/13.html"]}
[2021-02-26 10:42:21,047] INFO [DjangoBlog.utils.news:65 utils] cache_decorator set cache:get_current_site key:1f017e0b50a07764e9e4188d14b140c9
[2021-02-26 10:42:21,190] INFO [DjangoBlog.spider_notify.baidu_notify:30 spider_notify] {"remain":100000,"success":0,"not_same_site":["https://example.com/article/2021/2/26/14.html"]}
[2021-02-26 10:42:21,198] INFO [DjangoBlog.utils.news:65 utils] cache_decorator set cache:get_current_site key:1f017e0b50a07764e9e4188d14b140c9
[2021-02-26 10:42:21,419] INFO [DjangoBlog.spider_notify.baidu_notify:30 spider_notify] {"remain":100000,"success":0,"not_same_site":["https://example.com/tag/biao-qian-14.html"]}
[2021-02-26 10:42:21,448] INFO [DjangoBlog.utils.news:65 utils] cache_decorator set cache:get_current_site key:1f017e0b50a07764e9e4188d14b140c9
[2021-02-26 10:42:21,677] INFO [DjangoBlog.spider_notify.baidu_notify:30 spider_notify] {"remain":100000,"success":0,"not_same_site":["https://example.com/article/2021/2/26/14.html"]}
[2021-02-26 10:42:21,710] INFO [DjangoBlog.utils.news:65 utils] cache_decorator set cache:get_current_site key:1f017e0b50a07764e9e4188d14b140c9
[2021-02-26 10:42:21,922] INFO [DjangoBlog.spider_notify.baidu_notify:30 spider_notify] {"remain":100000,"success":0,"not_same_site":["https://example.com/article/2021/2/26/15.html"]}
[2021-02-26 10:42:21,930] INFO [DjangoBlog.utils.news:65 utils] cache_decorator set cache:get_current_site key:1f017e0b50a07764e9e4188d14b140c9
[2021-02-26 10:42:22,086] INFO [DjangoBlog.spider_notify.baidu_notify:30 spider_notify] {"remain":100000,"success":0,"not_same_site":["https://example.com/tag/biao-qian-15.html"]}
[2021-02-26 10:42:22,115] INFO [DjangoBlog.utils.news:65 utils] cache_decorator set cache:get_current_site key:1f017e0b50a07764e9e4188d14b140c9
[2021-02-26 10:42:22,391] INFO [DjangoBlog.spider_notify.baidu_notify:30 spider_notify] {"remain":100000,"success":0,"not_same_site":["https://example.com/article/2021/2/26/15.html"]}
[2021-02-26 10:42:22,451] INFO [DjangoBlog.utils.news:65 utils] cache_decorator set cache:get_current_site key:1f017e0b50a07764e9e4188d14b140c9
[2021-02-26 10:42:22,846] INFO [DjangoBlog.spider_notify.baidu_notify:30 spider_notify] {"remain":100000,"success":0,"not_same_site":["https://example.com/article/2021/2/26/16.html"]}
[2021-02-26 10:42:22,854] INFO [DjangoBlog.utils.news:65 utils] cache_decorator set cache:get_current_site key:1f017e0b50a07764e9e4188d14b140c9
[2021-02-26 10:42:23,066] INFO [DjangoBlog.spider_notify.baidu_notify:30 spider_notify] {"remain":100000,"success":0,"not_same_site":["https://example.com/tag/biao-qian-16.html"]}
[2021-02-26 10:42:23,106] INFO [DjangoBlog.utils.news:65 utils] cache_decorator set cache:get_current_site key:1f017e0b50a07764e9e4188d14b140c9
[2021-02-26 10:42:23,262] INFO [DjangoBlog.spider_notify.baidu_notify:30 spider_notify] {"remain":100000,"success":0,"not_same_site":["https://example.com/article/2021/2/26/16.html"]}
[2021-02-26 10:42:23,294] INFO [DjangoBlog.utils.news:65 utils] cache_decorator set cache:get_current_site key:1f017e0b50a07764e9e4188d14b140c9
[2021-02-26 10:42:23,673] INFO [DjangoBlog.spider_notify.baidu_notify:30 spider_notify] {"remain":100000,"success":0,"not_same_site":["https://example.com/article/2021/2/26/17.html"]}
[2021-02-26 10:42:23,681] INFO [DjangoBlog.utils.news:65 utils] cache_decorator set cache:get_current_site key:1f017e0b50a07764e9e4188d14b140c9
[2021-02-26 10:42:23,834] INFO [DjangoBlog.spider_notify.baidu_notify:30 spider_notify] {"remain":100000,"success":0,"not_same_site":["https://example.com/tag/biao-qian-17.html"]}
[2021-02-26 10:42:23,864] INFO [DjangoBlog.utils.news:65 utils] cache_decorator set cache:get_current_site key:1f017e0b50a07764e9e4188d14b140c9
[2021-02-26 10:42:24,177] INFO [DjangoBlog.spider_notify.baidu_notify:30 spider_notify] {"remain":100000,"success":0,"not_same_site":["https://example.com/article/2021/2/26/17.html"]}
[2021-02-26 10:42:24,214] INFO [DjangoBlog.utils.news:65 utils] cache_decorator set cache:get_current_site key:1f017e0b50a07764e9e4188d14b140c9
[2021-02-26 10:42:24,432] INFO [DjangoBlog.spider_notify.baidu_notify:30 spider_notify] {"remain":100000,"success":0,"not_same_site":["https://example.com/article/2021/2/26/18.html"]}
[2021-02-26 10:42:24,441] INFO [DjangoBlog.utils.news:65 utils] cache_decorator set cache:get_current_site key:1f017e0b50a07764e9e4188d14b140c9
[2021-02-26 10:42:24,814] INFO [DjangoBlog.spider_notify.baidu_notify:30 spider_notify] {"remain":100000,"success":0,"not_same_site":["https://example.com/tag/biao-qian-18.html"]}
[2021-02-26 10:42:24,886] INFO [DjangoBlog.utils.news:65 utils] cache_decorator set cache:get_current_site key:1f017e0b50a07764e9e4188d14b140c9
[2021-02-26 10:42:25,086] INFO [DjangoBlog.spider_notify.baidu_notify:30 spider_notify] {"remain":100000,"success":0,"not_same_site":["https://example.com/article/2021/2/26/18.html"]}
[2021-02-26 10:42:25,120] INFO [DjangoBlog.utils.news:65 utils] cache_decorator set cache:get_current_site key:1f017e0b50a07764e9e4188d14b140c9
[2021-02-26 10:42:25,278] INFO [DjangoBlog.spider_notify.baidu_notify:30 spider_notify] {"remain":100000,"success":0,"not_same_site":["https://example.com/article/2021/2/26/19.html"]}
[2021-02-26 10:42:25,284] INFO [DjangoBlog.utils.news:65 utils] cache_decorator set cache:get_current_site key:1f017e0b50a07764e9e4188d14b140c9
[2021-02-26 10:42:25,638] INFO [DjangoBlog.spider_notify.baidu_notify:30 spider_notify] {"remain":100000,"success":0,"not_same_site":["https://example.com/tag/biao-qian-19.html"]}
[2021-02-26 10:42:25,667] INFO [DjangoBlog.utils.news:65 utils] cache_decorator set cache:get_current_site key:1f017e0b50a07764e9e4188d14b140c9
[2021-02-26 10:42:26,060] INFO [DjangoBlog.spider_notify.baidu_notify:30 spider_notify] {"remain":100000,"success":0,"not_same_site":["https://example.com/article/2021/2/26/19.html"]}
[2021-02-26 10:43:05,725] INFO [DjangoBlog.utils.news:65 utils] cache_decorator set cache:get_current_site key:afcc0b808ab073c0748e583cfa64e2b4
[2021-02-26 10:43:05,954] INFO [DjangoBlog.spider_notify.baidu_notify:30 spider_notify] {"remain":100000,"success":0,"not_same_site":["https://example.com/author/renlele.html"]}
[2021-02-26 10:44:03,366] INFO [django.utils.autoreload.run_with_reloader:612 autoreload] Watching for file changes with StatReloader
[2021-02-26 10:44:06,548] INFO [blog.views.get_queryset_from_cache:70 views] set view cache.key:index_1
[2021-02-26 10:44:06,568] INFO [blog.context_processors.seo_processor:30 context_processors] set processor cache.
[2021-02-26 10:44:06,593] INFO [DjangoBlog.utils.get_blog_setting:219 utils] set cache get_blog_setting
[2021-02-26 10:44:10,453] INFO [blog.templatetags.blog_tags.load_sidebar:135 blog_tags] load sidebar
[2021-02-26 10:44:10,482] INFO [DjangoBlog.utils.news:65 utils] cache_decorator set cache:get_article_count key:3033d303e081bab87754ab666e4c5f8f
[2021-02-26 10:44:10,487] INFO [DjangoBlog.utils.news:65 utils] cache_decorator set cache:get_article_count key:9fd1f7713a6636f51232375a32c059ac
[2021-02-26 10:44:10,496] INFO [DjangoBlog.utils.news:65 utils] cache_decorator set cache:get_article_count key:76fa50061a3f1d90e95a6b8f57f8e194
[2021-02-26 10:44:10,500] INFO [DjangoBlog.utils.news:65 utils] cache_decorator set cache:get_article_count key:626373b605d22208906ce5919a3dd3fb
[2021-02-26 10:44:10,504] INFO [DjangoBlog.utils.news:65 utils] cache_decorator set cache:get_article_count key:4f19cb0e54540e6928d27290a958d65a
[2021-02-26 10:44:10,506] INFO [DjangoBlog.utils.news:65 utils] cache_decorator set cache:get_article_count key:cb21094d8ad543ce401cd65d9961c7fe
[2021-02-26 10:44:10,509] INFO [DjangoBlog.utils.news:65 utils] cache_decorator set cache:get_article_count key:77d22c4b4d06bda41999928c7d550c12
[2021-02-26 10:44:10,516] INFO [DjangoBlog.utils.news:65 utils] cache_decorator set cache:get_article_count key:559b858cba3f3772f2915b39b73cee8e
[2021-02-26 10:44:10,526] INFO [DjangoBlog.utils.news:65 utils] cache_decorator set cache:get_article_count key:87c976bc9ede58eca5ad390b4993f7b8
[2021-02-26 10:44:10,529] INFO [DjangoBlog.utils.news:65 utils] cache_decorator set cache:get_article_count key:34582a8e49170bc1f5f48dc3dacc89e7
[2021-02-26 10:44:10,537] INFO [DjangoBlog.utils.news:65 utils] cache_decorator set cache:get_article_count key:06a718444eff42318ddebadc910ef2e2
[2021-02-26 10:44:10,543] INFO [DjangoBlog.utils.news:65 utils] cache_decorator set cache:get_article_count key:63dbe1bb4598ae5b0948c7c326d908fc
[2021-02-26 10:44:10,546] INFO [DjangoBlog.utils.news:65 utils] cache_decorator set cache:get_article_count key:301e59575176c79c53cc439608cfde0b
[2021-02-26 10:44:10,550] INFO [DjangoBlog.utils.news:65 utils] cache_decorator set cache:get_article_count key:f6bc1381398e5523a592ff41a98c04bd
[2021-02-26 10:44:10,554] INFO [DjangoBlog.utils.news:65 utils] cache_decorator set cache:get_article_count key:0ce780e1d527369b0664d2b90fa23b02
[2021-02-26 10:44:10,559] INFO [DjangoBlog.utils.news:65 utils] cache_decorator set cache:get_article_count key:5a9be8de6c2be604e997c21539821cb4
[2021-02-26 10:44:10,561] INFO [DjangoBlog.utils.news:65 utils] cache_decorator set cache:get_article_count key:49e0ed8bd0d5937168c2ad18f1b6fbcf
[2021-02-26 10:44:10,564] INFO [DjangoBlog.utils.news:65 utils] cache_decorator set cache:get_article_count key:acb38464102e563420fe9ea758e7b61b
[2021-02-26 10:44:10,566] INFO [DjangoBlog.utils.news:65 utils] cache_decorator set cache:get_article_count key:c56258c6076bac670513bcfd3b75fd86
[2021-02-26 10:44:10,569] INFO [DjangoBlog.utils.news:65 utils] cache_decorator set cache:get_article_count key:2e50c462b35a9f0900f06c942dff3cf9
[2021-02-26 10:44:17,067] INFO [blog.models.comment_list:148 models] set article comments:17
[2021-02-26 10:44:17,073] INFO [DjangoBlog.utils.news:65 utils] cache_decorator set cache:get_current_site key:41ae55ce5fa4b1970ad314692532b726
[2021-02-26 10:44:17,089] INFO [DjangoBlog.utils.news:65 utils] cache_decorator set cache:get_category_tree key:f7f1bb753e3d3fa64027a15370a2c86f
[2021-02-26 10:44:17,089] INFO [DjangoBlog.utils.news:65 utils] cache_decorator set cache:get_category_tree key:8dc2acb79b4c73c608e125cdeebf05d0
[2021-02-26 10:44:17,095] INFO [DjangoBlog.utils.news:65 utils] cache_decorator set cache:next_article key:a4d84ca207fac6347f37e31d2e90d0a6
[2021-02-26 10:44:17,098] INFO [DjangoBlog.utils.news:65 utils] cache_decorator set cache:prev_article key:1fb2de82f2a5e2fe35930318e5023a49
[2021-02-26 10:44:17,103] INFO [DjangoBlog.utils.news:65 utils] cache_decorator set cache:get_oauth_apps key:7ccc29b7acfb70e20b6069f9a74d6d1a
[2021-02-26 10:44:17,110] INFO [blog.templatetags.blog_tags.load_sidebar:135 blog_tags] load sidebar
[2021-02-26 10:44:32,168] INFO [accounts.views.form_valid:115 views] next
[2021-02-26 10:44:32,189] INFO [DjangoBlog.utils.news:65 utils] cache_decorator set cache:get_current_site key:41ae55ce5fa4b1970ad314692532b726
[2021-02-26 10:44:32,438] INFO [DjangoBlog.spider_notify.baidu_notify:30 spider_notify] {"remain":100000,"success":0,"not_same_site":["https://example.com/author/renlele.html"]}
[2021-02-26 10:44:32,438] INFO [DjangoBlog.blog_signals.user_auth_callback:136 blog_signals] 2103016836@qq.com
[2021-02-26 10:44:32,438] INFO [DjangoBlog.utils.delete_sidebar_cache:270 utils] delete sidebar key:template.cache.sidebar.f46d388c3ed4eb7e1c831633b38e3b6f
[2021-02-26 10:44:32,439] INFO [DjangoBlog.utils.delete_sidebar_cache:270 utils] delete sidebar key:template.cache.sidebar.062b83b0d4ce8d176fa2636203b2f5c9
[2021-02-26 10:44:32,439] INFO [DjangoBlog.utils.delete_sidebar_cache:270 utils] delete sidebar key:template.cache.sidebar.e7a9d8cca958ed33bc7dd9dbdafdd642
[2021-02-26 10:44:32,439] INFO [DjangoBlog.utils.delete_sidebar_cache:270 utils] delete sidebar key:template.cache.sidebar.09d65fd76dd9111f73980beb568177cc
[2021-02-26 10:44:32,439] INFO [DjangoBlog.utils.delete_sidebar_cache:270 utils] delete sidebar key:template.cache.sidebar.482bbba6a15fe9764913fcb6bfca0d8c
[2021-02-26 10:44:32,458] INFO [blog.models.comment_list:148 models] set article comments:17
[2021-02-26 10:44:32,460] INFO [blog.context_processors.seo_processor:30 context_processors] set processor cache.
[2021-02-26 10:44:32,463] INFO [DjangoBlog.utils.get_blog_setting:219 utils] set cache get_blog_setting
[2021-02-26 10:44:32,467] INFO [DjangoBlog.utils.news:65 utils] cache_decorator set cache:get_current_site key:41ae55ce5fa4b1970ad314692532b726
[2021-02-26 10:44:32,488] INFO [DjangoBlog.utils.news:65 utils] cache_decorator set cache:get_category_tree key:f7f1bb753e3d3fa64027a15370a2c86f
[2021-02-26 10:44:32,488] INFO [DjangoBlog.utils.news:65 utils] cache_decorator set cache:get_category_tree key:8dc2acb79b4c73c608e125cdeebf05d0
[2021-02-26 10:44:32,518] INFO [DjangoBlog.utils.news:65 utils] cache_decorator set cache:next_article key:a4d84ca207fac6347f37e31d2e90d0a6
[2021-02-26 10:44:32,520] INFO [DjangoBlog.utils.news:65 utils] cache_decorator set cache:prev_article key:1fb2de82f2a5e2fe35930318e5023a49
[2021-02-26 10:44:32,528] INFO [blog.templatetags.blog_tags.load_sidebar:135 blog_tags] load sidebar
[2021-02-26 10:44:32,531] INFO [DjangoBlog.utils.news:65 utils] cache_decorator set cache:get_article_count key:3033d303e081bab87754ab666e4c5f8f
[2021-02-26 10:44:32,533] INFO [DjangoBlog.utils.news:65 utils] cache_decorator set cache:get_article_count key:9fd1f7713a6636f51232375a32c059ac
[2021-02-26 10:44:32,535] INFO [DjangoBlog.utils.news:65 utils] cache_decorator set cache:get_article_count key:76fa50061a3f1d90e95a6b8f57f8e194
[2021-02-26 10:44:32,536] INFO [DjangoBlog.utils.news:65 utils] cache_decorator set cache:get_article_count key:626373b605d22208906ce5919a3dd3fb
[2021-02-26 10:44:32,538] INFO [DjangoBlog.utils.news:65 utils] cache_decorator set cache:get_article_count key:4f19cb0e54540e6928d27290a958d65a
[2021-02-26 10:44:32,539] INFO [DjangoBlog.utils.news:65 utils] cache_decorator set cache:get_article_count key:cb21094d8ad543ce401cd65d9961c7fe
[2021-02-26 10:44:32,541] INFO [DjangoBlog.utils.news:65 utils] cache_decorator set cache:get_article_count key:77d22c4b4d06bda41999928c7d550c12
[2021-02-26 10:44:32,542] INFO [DjangoBlog.utils.news:65 utils] cache_decorator set cache:get_article_count key:559b858cba3f3772f2915b39b73cee8e
[2021-02-26 10:44:32,544] INFO [DjangoBlog.utils.news:65 utils] cache_decorator set cache:get_article_count key:87c976bc9ede58eca5ad390b4993f7b8
[2021-02-26 10:44:32,546] INFO [DjangoBlog.utils.news:65 utils] cache_decorator set cache:get_article_count key:34582a8e49170bc1f5f48dc3dacc89e7
[2021-02-26 10:44:32,547] INFO [DjangoBlog.utils.news:65 utils] cache_decorator set cache:get_article_count key:06a718444eff42318ddebadc910ef2e2
[2021-02-26 10:44:32,549] INFO [DjangoBlog.utils.news:65 utils] cache_decorator set cache:get_article_count key:63dbe1bb4598ae5b0948c7c326d908fc
[2021-02-26 10:44:32,550] INFO [DjangoBlog.utils.news:65 utils] cache_decorator set cache:get_article_count key:301e59575176c79c53cc439608cfde0b
[2021-02-26 10:44:32,552] INFO [DjangoBlog.utils.news:65 utils] cache_decorator set cache:get_article_count key:f6bc1381398e5523a592ff41a98c04bd
[2021-02-26 10:44:32,553] INFO [DjangoBlog.utils.news:65 utils] cache_decorator set cache:get_article_count key:0ce780e1d527369b0664d2b90fa23b02
[2021-02-26 10:44:32,555] INFO [DjangoBlog.utils.news:65 utils] cache_decorator set cache:get_article_count key:5a9be8de6c2be604e997c21539821cb4
[2021-02-26 10:44:32,556] INFO [DjangoBlog.utils.news:65 utils] cache_decorator set cache:get_article_count key:49e0ed8bd0d5937168c2ad18f1b6fbcf
[2021-02-26 10:44:32,558] INFO [DjangoBlog.utils.news:65 utils] cache_decorator set cache:get_article_count key:acb38464102e563420fe9ea758e7b61b
[2021-02-26 10:44:32,560] INFO [DjangoBlog.utils.news:65 utils] cache_decorator set cache:get_article_count key:c56258c6076bac670513bcfd3b75fd86
[2021-02-26 10:44:32,561] INFO [DjangoBlog.utils.news:65 utils] cache_decorator set cache:get_article_count key:2e50c462b35a9f0900f06c942dff3cf9
[2021-02-26 10:44:41,265] INFO [DjangoBlog.utils.news:65 utils] cache_decorator set cache:get_sub_categorys key:4a174e097612ad10f91b7cce1347a00d
[2021-02-26 10:44:41,270] INFO [blog.views.get_queryset_from_cache:70 views] set view cache.key:category_list_子类目_1
[2021-02-26 10:44:41,357] INFO [blog.templatetags.blog_tags.load_sidebar:135 blog_tags] load sidebar
[2021-02-26 10:44:45,301] INFO [blog.models.comment_list:148 models] set article comments:19
[2021-02-26 10:44:45,313] INFO [DjangoBlog.utils.news:65 utils] cache_decorator set cache:get_category_tree key:50422bad493f630e1676da81b189d5a9
[2021-02-26 10:44:45,315] INFO [DjangoBlog.utils.news:65 utils] cache_decorator set cache:next_article key:820014bfa3cefe5fc0e5bcb8bca7db0d
[2021-02-26 10:44:45,317] INFO [DjangoBlog.utils.news:65 utils] cache_decorator set cache:prev_article key:b3b8111ff1f1d71c8ec66d23a859c49f
[2021-02-26 10:44:50,040] INFO [DjangoBlog.utils.delete_sidebar_cache:270 utils] delete sidebar key:template.cache.sidebar.f46d388c3ed4eb7e1c831633b38e3b6f
[2021-02-26 10:44:50,041] INFO [DjangoBlog.utils.delete_sidebar_cache:270 utils] delete sidebar key:template.cache.sidebar.062b83b0d4ce8d176fa2636203b2f5c9
[2021-02-26 10:44:50,041] INFO [DjangoBlog.utils.delete_sidebar_cache:270 utils] delete sidebar key:template.cache.sidebar.e7a9d8cca958ed33bc7dd9dbdafdd642
[2021-02-26 10:44:50,042] INFO [DjangoBlog.utils.delete_sidebar_cache:270 utils] delete sidebar key:template.cache.sidebar.09d65fd76dd9111f73980beb568177cc
[2021-02-26 10:44:50,042] INFO [DjangoBlog.utils.delete_sidebar_cache:270 utils] delete sidebar key:template.cache.sidebar.482bbba6a15fe9764913fcb6bfca0d8c
[2021-02-26 10:44:50,057] INFO [blog.models.comment_list:148 models] set article comments:19
[2021-02-26 10:44:50,060] INFO [blog.context_processors.seo_processor:30 context_processors] set processor cache.
[2021-02-26 10:44:50,093] INFO [blog.templatetags.blog_tags.load_sidebar:135 blog_tags] load sidebar
[2021-02-26 10:44:54,950] INFO [blog.models.comment_list:148 models] set article comments:18
[2021-02-26 10:44:54,962] INFO [DjangoBlog.utils.news:65 utils] cache_decorator set cache:get_category_tree key:cb35b67bd03a05237fd2c136b66af56d
[2021-02-26 10:44:54,964] INFO [DjangoBlog.utils.news:65 utils] cache_decorator set cache:next_article key:ebe39dbf4674d3188c49b7191fc18c47
[2021-02-26 10:44:54,966] INFO [DjangoBlog.utils.news:65 utils] cache_decorator set cache:prev_article key:c29cb08c6a459d88528537bed91d477d
[2021-02-26 10:44:56,533] INFO [blog.views.get_queryset_from_cache:70 views] set view cache.key:index_1
[2021-02-26 10:44:56,560] INFO [blog.templatetags.blog_tags.load_sidebar:135 blog_tags] load sidebar
[2021-02-26 10:44:57,671] INFO [DjangoBlog.utils.news:65 utils] cache_decorator set cache:get_sub_categorys key:187b27969fb66a680dd896b1bb2c14e7
[2021-02-26 10:44:57,676] INFO [blog.views.get_queryset_from_cache:70 views] set view cache.key:category_list_我是父类目_1
[2021-02-26 10:44:57,707] INFO [blog.templatetags.blog_tags.load_sidebar:135 blog_tags] load sidebar
[2021-02-26 10:44:58,605] INFO [blog.views.get_queryset_from_cache:65 views] get view cache.key:category_list_子类目_1
[2021-02-26 10:45:02,699] ERROR [DjangoBlog.blog_signals.send_email_signal_handler:64 blog_signals] (500, b'Error: bad syntax', 'None')
[2021-02-26 10:45:04,715] INFO [blog.views.get_queryset_from_cache:65 views] get view cache.key:index_1
[2021-02-26 10:45:05,438] INFO [blog.views.get_queryset_from_cache:70 views] set view cache.key:archives
[2021-02-26 10:45:05,444] INFO [blog.templatetags.blog_tags.load_sidebar:135 blog_tags] load sidebar
[2021-02-26 10:45:06,981] INFO [blog.models.comment_list:148 models] set article comments:8
[2021-02-26 10:45:06,993] INFO [DjangoBlog.utils.news:65 utils] cache_decorator set cache:get_category_tree key:0434d46260436c49f197e39b86a76a45
[2021-02-26 10:45:07,001] INFO [DjangoBlog.utils.news:65 utils] cache_decorator set cache:next_article key:8c574aadcf42830755ae5e9a5609ac44
[2021-02-26 10:45:07,002] INFO [DjangoBlog.utils.news:65 utils] cache_decorator set cache:prev_article key:77147ae51dc821a1b554b9e38a4c4074
[2021-02-26 10:45:13,566] INFO [blog.models.comment_list:148 models] set article comments:1
[2021-02-26 10:45:13,579] INFO [DjangoBlog.utils.news:65 utils] cache_decorator set cache:get_category_tree key:51047c56830d518e021783bcfb8ec242
[2021-02-26 10:45:13,586] INFO [DjangoBlog.utils.news:65 utils] cache_decorator set cache:next_article key:31a5a663f7cac1af3946da6fb9e7e2d5
[2021-02-26 10:45:13,588] INFO [DjangoBlog.utils.news:65 utils] cache_decorator set cache:prev_article key:86eba836023ecaa3b7edc680e685050a
[2021-02-26 10:45:23,057] INFO [blog.views.get_queryset_from_cache:65 views] get view cache.key:index_1
[2021-02-26 10:45:27,621] INFO [blog.models.comment_list:148 models] set article comments:1
[2021-02-26 10:45:30,615] INFO [blog.models.comment_list:148 models] set article comments:2
[2021-02-26 10:45:30,626] INFO [DjangoBlog.utils.news:65 utils] cache_decorator set cache:get_category_tree key:f2297f85aef2ccfc369943083752e788
[2021-02-26 10:45:30,634] INFO [DjangoBlog.utils.news:65 utils] cache_decorator set cache:next_article key:274acb4427a4f80247562b51721fe1c9
[2021-02-26 10:45:30,635] INFO [DjangoBlog.utils.news:65 utils] cache_decorator set cache:prev_article key:da7e9e9cfdc77f6fb1b63979188ef516
[2021-02-26 10:45:34,407] INFO [blog.models.comment_list:148 models] set article comments:3
[2021-02-26 10:45:34,420] INFO [DjangoBlog.utils.news:65 utils] cache_decorator set cache:get_category_tree key:e9d5b65981d977e795213630db879e04
[2021-02-26 10:45:34,426] INFO [DjangoBlog.utils.news:65 utils] cache_decorator set cache:next_article key:7954b2812a3e68fce5b8e79280953075
[2021-02-26 10:45:34,428] INFO [DjangoBlog.utils.news:65 utils] cache_decorator set cache:prev_article key:5fda7acd0ec2c4989ce784f4567a4326
[2021-02-26 10:45:36,189] INFO [blog.models.comment_list:148 models] set article comments:4
[2021-02-26 10:45:36,200] INFO [DjangoBlog.utils.news:65 utils] cache_decorator set cache:get_category_tree key:977ce86270ab047c402ad5abad36cb78
[2021-02-26 10:45:36,211] INFO [DjangoBlog.utils.news:65 utils] cache_decorator set cache:next_article key:adbeade61d75a1dca379eec7716af13b
[2021-02-26 10:45:36,212] INFO [DjangoBlog.utils.news:65 utils] cache_decorator set cache:prev_article key:b665eb85451a9dcaa07795a11644b3aa
[2021-02-26 10:45:37,419] INFO [blog.models.comment_list:148 models] set article comments:5
[2021-02-26 10:45:37,431] INFO [DjangoBlog.utils.news:65 utils] cache_decorator set cache:get_category_tree key:870e9dc032403ed8b484a52d4b5eb22c
[2021-02-26 10:45:37,437] INFO [DjangoBlog.utils.news:65 utils] cache_decorator set cache:next_article key:56db1aea424d7f826cd0ee51da741178
[2021-02-26 10:45:37,439] INFO [DjangoBlog.utils.news:65 utils] cache_decorator set cache:prev_article key:4dde6bfbaf20db29adf55254a4d8d209
[2021-02-26 10:45:38,477] INFO [blog.models.comment_list:148 models] set article comments:6
[2021-02-26 10:45:38,489] INFO [DjangoBlog.utils.news:65 utils] cache_decorator set cache:get_category_tree key:5a7c30c13c5d919e3d607815a5083566
[2021-02-26 10:45:38,497] INFO [DjangoBlog.utils.news:65 utils] cache_decorator set cache:next_article key:b0f58c5f2984bb2509eb13123716eeac
[2021-02-26 10:45:38,499] INFO [DjangoBlog.utils.news:65 utils] cache_decorator set cache:prev_article key:80d4ccdf66f17bd135b8812174d2610b
[2021-02-26 10:45:39,853] INFO [blog.models.comment_list:148 models] set article comments:7
[2021-02-26 10:45:39,864] INFO [DjangoBlog.utils.news:65 utils] cache_decorator set cache:get_category_tree key:648630ec9b67055167c2f3922873a3c5
[2021-02-26 10:45:39,871] INFO [DjangoBlog.utils.news:65 utils] cache_decorator set cache:next_article key:15295c15376d3db9f23f7fc0889de76d
[2021-02-26 10:45:39,873] INFO [DjangoBlog.utils.news:65 utils] cache_decorator set cache:prev_article key:64e9c4d648e79815bdba12ef469ac413
[2021-02-26 10:45:40,811] INFO [blog.models.comment_list:148 models] set article comments:8
[2021-02-26 10:45:41,788] INFO [blog.models.comment_list:148 models] set article comments:9
[2021-02-26 10:45:41,800] INFO [DjangoBlog.utils.news:65 utils] cache_decorator set cache:get_category_tree key:4bb6bcde81c44242ebb7c602dda6b0eb
[2021-02-26 10:45:41,808] INFO [DjangoBlog.utils.news:65 utils] cache_decorator set cache:next_article key:ede0d32bffd0ad2a1820295c2ac1b37d
[2021-02-26 10:45:41,810] INFO [DjangoBlog.utils.news:65 utils] cache_decorator set cache:prev_article key:9587526c7c7f506be692ae7013c92ccf
[2021-02-26 10:45:42,759] INFO [blog.models.comment_list:148 models] set article comments:10
[2021-02-26 10:45:42,770] INFO [DjangoBlog.utils.news:65 utils] cache_decorator set cache:get_category_tree key:f8ad676e7750064c0d9e21abcc7fd996
[2021-02-26 10:45:42,773] INFO [DjangoBlog.utils.news:65 utils] cache_decorator set cache:next_article key:1bb1bafcb3998d3ab43732f8764915c6
[2021-02-26 10:45:42,775] INFO [DjangoBlog.utils.news:65 utils] cache_decorator set cache:prev_article key:d16f3974e10763a5b5e4d81c5c330f15
[2021-02-26 10:45:45,103] INFO [blog.models.comment_list:148 models] set article comments:11
[2021-02-26 10:45:45,116] INFO [DjangoBlog.utils.news:65 utils] cache_decorator set cache:get_category_tree key:91995a0ab13b7b08570abb9eb87ddeb4
[2021-02-26 10:45:45,117] INFO [DjangoBlog.utils.news:65 utils] cache_decorator set cache:next_article key:658a8b93030c0cf651b39ac00f3c8f7c
[2021-02-26 10:45:45,119] INFO [DjangoBlog.utils.news:65 utils] cache_decorator set cache:prev_article key:13cf2f9ea90b98467d956ed2c3758b8c
[2021-02-26 10:45:47,236] INFO [blog.models.comment_list:148 models] set article comments:12
[2021-02-26 10:45:47,249] INFO [DjangoBlog.utils.news:65 utils] cache_decorator set cache:get_category_tree key:95a1e2eb152a8d167902cbd611d4429d
[2021-02-26 10:45:47,251] INFO [DjangoBlog.utils.news:65 utils] cache_decorator set cache:next_article key:ae8d7dff5f0cf92d5c0ef2bb5c15a409
[2021-02-26 10:45:47,253] INFO [DjangoBlog.utils.news:65 utils] cache_decorator set cache:prev_article key:f43f3f75964ccdb88b138a373bea617e
[2021-02-26 10:45:51,191] INFO [blog.models.comment_list:148 models] set article comments:17
[2021-02-26 10:45:54,612] INFO [blog.models.comment_list:148 models] set article comments:16
[2021-02-26 10:45:54,623] INFO [DjangoBlog.utils.news:65 utils] cache_decorator set cache:get_category_tree key:2b78034108df849f70d15d3298f3a87c
[2021-02-26 10:45:54,626] INFO [DjangoBlog.utils.news:65 utils] cache_decorator set cache:next_article key:2447f276127095248f4cc30b1210b629
[2021-02-26 10:45:54,628] INFO [DjangoBlog.utils.news:65 utils] cache_decorator set cache:prev_article key:91dfda78fd78376b390c7c160f53a01b
[2021-02-26 10:45:56,076] INFO [blog.models.comment_list:148 models] set article comments:15
[2021-02-26 10:45:56,088] INFO [DjangoBlog.utils.news:65 utils] cache_decorator set cache:get_category_tree key:d0c72d0c59b56bdfbd34ff231387dc6d
[2021-02-26 10:45:56,091] INFO [DjangoBlog.utils.news:65 utils] cache_decorator set cache:next_article key:cca4e83ba03138aa6fbeb7737059241f
[2021-02-26 10:45:56,093] INFO [DjangoBlog.utils.news:65 utils] cache_decorator set cache:prev_article key:951f4fb0cbe35591c6c108f9e7013764
[2021-02-26 10:45:57,588] INFO [blog.models.comment_list:148 models] set article comments:14
[2021-02-26 10:45:57,599] INFO [DjangoBlog.utils.news:65 utils] cache_decorator set cache:get_category_tree key:2e9a45b3c430e854276935df5bb37ba8
[2021-02-26 10:45:57,602] INFO [DjangoBlog.utils.news:65 utils] cache_decorator set cache:next_article key:7c0fd76bdd75f2ce72d46ba887cfe2dd
[2021-02-26 10:45:57,603] INFO [DjangoBlog.utils.news:65 utils] cache_decorator set cache:prev_article key:1c6dd72c5bc0ae95e8a0a0873b1084a6
[2021-02-26 10:46:00,124] INFO [blog.models.comment_list:148 models] set article comments:13
[2021-02-26 10:46:00,137] INFO [DjangoBlog.utils.news:65 utils] cache_decorator set cache:get_category_tree key:928e4b3d430e8f4d8bcd948bd10ad6ca
[2021-02-26 10:46:00,139] INFO [DjangoBlog.utils.news:65 utils] cache_decorator set cache:next_article key:3c85071d3d6a269e549257b2aa818ed0
[2021-02-26 10:46:00,141] INFO [DjangoBlog.utils.news:65 utils] cache_decorator set cache:prev_article key:220b03c4e9ab206ea40ff9387c9b8185
[2021-02-26 10:46:02,484] INFO [blog.models.comment_list:148 models] set article comments:12
[2021-02-26 10:46:03,789] INFO [blog.models.comment_list:148 models] set article comments:11
[2021-02-26 10:46:05,101] INFO [blog.models.comment_list:148 models] set article comments:10
[2021-02-26 10:46:06,520] INFO [blog.models.comment_list:148 models] set article comments:9
[2021-02-26 10:46:08,118] INFO [blog.models.comment_list:148 models] set article comments:8
[2021-02-26 10:46:09,413] INFO [blog.models.comment_list:148 models] set article comments:7
[2021-02-26 10:46:15,941] INFO [blog.models.comment_list:143 models] get article comments:19
[2021-02-26 10:46:20,474] INFO [blog.views.get_queryset_from_cache:65 views] get view cache.key:index_1
[2021-02-26 10:46:23,290] INFO [blog.views.get_queryset_from_cache:65 views] get view cache.key:index_1
[2021-02-26 10:46:33,652] INFO [blog.views.get_queryset_from_cache:65 views] get view cache.key:index_1
[2021-02-26 10:46:36,980] INFO [blog.views.get_queryset_from_cache:65 views] get view cache.key:index_1
[2021-02-26 10:46:41,622] INFO [DjangoBlog.blog_signals.user_auth_callback:136 blog_signals] 2103016836@qq.com
[2021-02-26 10:46:41,622] INFO [DjangoBlog.utils.delete_sidebar_cache:270 utils] delete sidebar key:template.cache.sidebar.f46d388c3ed4eb7e1c831633b38e3b6f
[2021-02-26 10:46:41,623] INFO [DjangoBlog.utils.delete_sidebar_cache:270 utils] delete sidebar key:template.cache.sidebar.062b83b0d4ce8d176fa2636203b2f5c9
[2021-02-26 10:46:41,623] INFO [DjangoBlog.utils.delete_sidebar_cache:270 utils] delete sidebar key:template.cache.sidebar.e7a9d8cca958ed33bc7dd9dbdafdd642
[2021-02-26 10:46:41,623] INFO [DjangoBlog.utils.delete_sidebar_cache:270 utils] delete sidebar key:template.cache.sidebar.09d65fd76dd9111f73980beb568177cc
[2021-02-26 10:46:41,624] INFO [DjangoBlog.utils.delete_sidebar_cache:270 utils] delete sidebar key:template.cache.sidebar.482bbba6a15fe9764913fcb6bfca0d8c
[2021-02-26 10:46:41,633] INFO [blog.context_processors.seo_processor:30 context_processors] set processor cache.
[2021-02-26 10:46:41,637] INFO [DjangoBlog.utils.get_blog_setting:219 utils] set cache get_blog_setting
[2021-02-26 10:46:41,652] INFO [DjangoBlog.utils.news:65 utils] cache_decorator set cache:get_oauth_apps key:7ccc29b7acfb70e20b6069f9a74d6d1a
[2021-02-26 10:47:52,953] INFO [django.utils.autoreload.run_with_reloader:612 autoreload] Watching for file changes with StatReloader
[2021-02-26 10:48:01,655] INFO [django.utils.autoreload.run_with_reloader:612 autoreload] Watching for file changes with StatReloader
[2021-02-26 10:51:21,240] INFO [django.utils.autoreload.run_with_reloader:612 autoreload] Watching for file changes with StatReloader
[2021-02-26 10:51:25,584] INFO [blog.views.get_queryset_from_cache:70 views] set view cache.key:index_1
[2021-02-26 10:51:25,596] INFO [blog.context_processors.seo_processor:30 context_processors] set processor cache.
[2021-02-26 10:51:25,598] INFO [DjangoBlog.utils.get_blog_setting:219 utils] set cache get_blog_setting
[2021-02-26 10:51:25,791] INFO [blog.templatetags.blog_tags.load_sidebar:135 blog_tags] load sidebar
[2021-02-26 10:51:25,794] INFO [DjangoBlog.utils.news:65 utils] cache_decorator set cache:get_article_count key:ce6e5fc83a59c4253e9ae8e51b3d9454
[2021-02-26 10:51:25,795] INFO [DjangoBlog.utils.news:65 utils] cache_decorator set cache:get_article_count key:ac2ea0bcdade86b9f335a25991d16e0e
[2021-02-26 10:51:25,797] INFO [DjangoBlog.utils.news:65 utils] cache_decorator set cache:get_article_count key:56d4e1568a773afa71d5caedc8a6e4f1
[2021-02-26 10:51:25,798] INFO [DjangoBlog.utils.news:65 utils] cache_decorator set cache:get_article_count key:50ac2dab671128a605d8ee5e18e22eb1
[2021-02-26 10:51:25,800] INFO [DjangoBlog.utils.news:65 utils] cache_decorator set cache:get_article_count key:df5085e27cacecd6a8962e587f194946
[2021-02-26 10:51:25,802] INFO [DjangoBlog.utils.news:65 utils] cache_decorator set cache:get_article_count key:bddf903e26456d1f8d20926638f32a63
[2021-02-26 10:51:25,805] INFO [DjangoBlog.utils.news:65 utils] cache_decorator set cache:get_article_count key:491ed0d1ba711123612cc82dc229cb3a
[2021-02-26 10:51:25,807] INFO [DjangoBlog.utils.news:65 utils] cache_decorator set cache:get_article_count key:4901b4781ace4b48822eab4c72dfc477
[2021-02-26 10:51:25,809] INFO [DjangoBlog.utils.news:65 utils] cache_decorator set cache:get_article_count key:949c76540f8266077fa314c978a77b56
[2021-02-26 10:51:25,811] INFO [DjangoBlog.utils.news:65 utils] cache_decorator set cache:get_article_count key:eddfc33fcfbc0ec25848c681fbc614d4
[2021-02-26 10:51:25,812] INFO [DjangoBlog.utils.news:65 utils] cache_decorator set cache:get_article_count key:88351a93f961170f223bce6c79579cb9
[2021-02-26 10:51:25,814] INFO [DjangoBlog.utils.news:65 utils] cache_decorator set cache:get_article_count key:9cd7f0305dfbc369022c6b879f8d59c2
[2021-02-26 10:51:25,815] INFO [DjangoBlog.utils.news:65 utils] cache_decorator set cache:get_article_count key:044470d65f85303ade6653610f8aeecf
[2021-02-26 10:51:25,817] INFO [DjangoBlog.utils.news:65 utils] cache_decorator set cache:get_article_count key:9483e8642950465754b25e78b50ff407
[2021-02-26 10:51:25,818] INFO [DjangoBlog.utils.news:65 utils] cache_decorator set cache:get_article_count key:6c4d5e4282abf14aca07b2e1816d5bfd
[2021-02-26 10:51:25,820] INFO [DjangoBlog.utils.news:65 utils] cache_decorator set cache:get_article_count key:0e7cf95dbda7be8d9034305fb2d18111
[2021-02-26 10:51:25,821] INFO [DjangoBlog.utils.news:65 utils] cache_decorator set cache:get_article_count key:efa9d9fe44bdb370efaa1cd3dd3119a3
[2021-02-26 10:51:25,823] INFO [DjangoBlog.utils.news:65 utils] cache_decorator set cache:get_article_count key:d469d09e2a12a93897932cff27f2bbd1
[2021-02-26 10:51:25,825] INFO [DjangoBlog.utils.news:65 utils] cache_decorator set cache:get_article_count key:c6c99621c8612155e88bec56320c229d
[2021-02-26 10:51:25,826] INFO [DjangoBlog.utils.news:65 utils] cache_decorator set cache:get_article_count key:5a8c4b135f43f931ea1e33b19f197e49
[2021-02-26 10:51:31,130] INFO [blog.models.comment_list:148 models] set article comments:19
[2021-02-26 10:51:31,134] INFO [DjangoBlog.utils.news:65 utils] cache_decorator set cache:get_current_site key:9a9205b54d37c7bc439f27cf6d846151
[2021-02-26 10:51:31,144] INFO [DjangoBlog.utils.news:65 utils] cache_decorator set cache:get_category_tree key:4992a68b293b27a4f52f92b3855addde
[2021-02-26 10:51:31,144] INFO [DjangoBlog.utils.news:65 utils] cache_decorator set cache:get_category_tree key:27746ccdd2a42417484090c3bb855d54
[2021-02-26 10:51:31,148] INFO [DjangoBlog.utils.news:65 utils] cache_decorator set cache:next_article key:36bc6fb7420ddd60a3b00e51acfda40b
[2021-02-26 10:51:31,149] INFO [DjangoBlog.utils.news:65 utils] cache_decorator set cache:prev_article key:a3fa809b0503aa3f641a152227ac0ffb
[2021-02-26 10:51:31,157] INFO [DjangoBlog.utils.news:65 utils] cache_decorator set cache:get_oauth_apps key:30f4fbc026075d727ccb92814562ebf6
[2021-02-26 10:51:31,158] INFO [blog.templatetags.blog_tags.load_sidebar:135 blog_tags] load sidebar
[2021-02-26 11:18:08,033] INFO [django.utils.autoreload.run_with_reloader:612 autoreload] Watching for file changes with StatReloader
[2021-02-26 11:18:10,501] INFO [blog.views.get_queryset_from_cache:70 views] set view cache.key:index_1
[2021-02-26 11:18:10,514] INFO [blog.context_processors.seo_processor:30 context_processors] set processor cache.
[2021-02-26 11:18:10,516] INFO [DjangoBlog.utils.get_blog_setting:219 utils] set cache get_blog_setting
[2021-02-26 11:18:10,786] INFO [blog.templatetags.blog_tags.load_sidebar:135 blog_tags] load sidebar
[2021-02-26 11:18:10,791] INFO [DjangoBlog.utils.news:65 utils] cache_decorator set cache:get_article_count key:40a92244e27bffeab76418e3dd8931b1
[2021-02-26 11:18:10,793] INFO [DjangoBlog.utils.news:65 utils] cache_decorator set cache:get_article_count key:2d5e9dcd2b31a3ebb4504ddd477f3946
[2021-02-26 11:18:10,796] INFO [DjangoBlog.utils.news:65 utils] cache_decorator set cache:get_article_count key:219944446de9a29e404f125c2d161ec6
[2021-02-26 11:18:10,799] INFO [DjangoBlog.utils.news:65 utils] cache_decorator set cache:get_article_count key:c78bfd504bfaaaf5b3f23df684a74e77
[2021-02-26 11:18:10,801] INFO [DjangoBlog.utils.news:65 utils] cache_decorator set cache:get_article_count key:92d981daf1edc9beb04a57f8ca721633
[2021-02-26 11:18:10,803] INFO [DjangoBlog.utils.news:65 utils] cache_decorator set cache:get_article_count key:0364322cfc4844c978d698cf73a565db
[2021-02-26 11:18:10,805] INFO [DjangoBlog.utils.news:65 utils] cache_decorator set cache:get_article_count key:7d7149416781f5dbaf74e9e107125d76
[2021-02-26 11:18:10,808] INFO [DjangoBlog.utils.news:65 utils] cache_decorator set cache:get_article_count key:2a278d95095e464ea73c8886cf61c7c1
[2021-02-26 11:18:10,809] INFO [DjangoBlog.utils.news:65 utils] cache_decorator set cache:get_article_count key:b2f919b86a6990238f8147b8f10be4e2
[2021-02-26 11:18:10,812] INFO [DjangoBlog.utils.news:65 utils] cache_decorator set cache:get_article_count key:de7329249795814f4ad9f41331078c4a
[2021-02-26 11:18:10,815] INFO [DjangoBlog.utils.news:65 utils] cache_decorator set cache:get_article_count key:326782de5014608564b45c093ce2bdef
[2021-02-26 11:18:10,817] INFO [DjangoBlog.utils.news:65 utils] cache_decorator set cache:get_article_count key:ac11f3c90a234f6fa38ef9241ca46435
[2021-02-26 11:18:10,819] INFO [DjangoBlog.utils.news:65 utils] cache_decorator set cache:get_article_count key:c351b8278eb0df954859c17f6d65360f
[2021-02-26 11:18:10,822] INFO [DjangoBlog.utils.news:65 utils] cache_decorator set cache:get_article_count key:e7e69665238920463397dbfc7362a82b
[2021-02-26 11:18:10,824] INFO [DjangoBlog.utils.news:65 utils] cache_decorator set cache:get_article_count key:f7f6b71f5dae20b1496e1e7354549de0
[2021-02-26 11:18:10,828] INFO [DjangoBlog.utils.news:65 utils] cache_decorator set cache:get_article_count key:5dacd75872b05e0a95264c672e7e2492
[2021-02-26 11:18:10,831] INFO [DjangoBlog.utils.news:65 utils] cache_decorator set cache:get_article_count key:8ebf2f68d20c95fdf3e93f9726b98d4a
[2021-02-26 11:18:10,834] INFO [DjangoBlog.utils.news:65 utils] cache_decorator set cache:get_article_count key:db1857c321dac76024c8ba67bcd3658d
[2021-02-26 11:18:10,835] INFO [DjangoBlog.utils.news:65 utils] cache_decorator set cache:get_article_count key:a60941633f282d68b202fc938fd5fec7
[2021-02-26 11:18:10,837] INFO [DjangoBlog.utils.news:65 utils] cache_decorator set cache:get_article_count key:07bb325003923eb54cb6fcad083211f7
[2021-02-26 11:23:10,940] INFO [django.utils.autoreload.trigger_reload:236 autoreload] D:\RT\DjangoBlog-master\DjangoBlog\settings.py changed, reloading.
[2021-02-26 11:23:12,152] INFO [django.utils.autoreload.run_with_reloader:612 autoreload] Watching for file changes with StatReloader
[2021-02-26 11:23:28,067] INFO [django.utils.autoreload.trigger_reload:236 autoreload] D:\RT\DjangoBlog-master\DjangoBlog\settings.py changed, reloading.
[2021-02-26 11:23:29,202] INFO [django.utils.autoreload.run_with_reloader:612 autoreload] Watching for file changes with StatReloader
[2021-02-26 11:24:10,757] INFO [django.utils.autoreload.run_with_reloader:612 autoreload] Watching for file changes with StatReloader
[2021-02-26 11:24:34,975] INFO [django.utils.autoreload.run_with_reloader:612 autoreload] Watching for file changes with StatReloader
[2021-02-26 11:24:51,368] INFO [blog.views.get_queryset_from_cache:70 views] set view cache.key:index_1
[2021-02-26 11:24:51,376] INFO [blog.context_processors.seo_processor:30 context_processors] set processor cache.
[2021-02-26 11:24:51,378] INFO [DjangoBlog.utils.get_blog_setting:219 utils] set cache get_blog_setting
[2021-02-26 11:24:51,549] INFO [blog.templatetags.blog_tags.load_sidebar:135 blog_tags] load sidebar
[2021-02-26 11:24:51,552] INFO [DjangoBlog.utils.news:65 utils] cache_decorator set cache:get_article_count key:bec590aef0b7ac699a9449cd6a64cfae
[2021-02-26 11:24:51,554] INFO [DjangoBlog.utils.news:65 utils] cache_decorator set cache:get_article_count key:957c27550266e5610f1c307c9a0a8265
[2021-02-26 11:24:51,555] INFO [DjangoBlog.utils.news:65 utils] cache_decorator set cache:get_article_count key:a5fac1f1c5708c89f23f6947a9fa449c
[2021-02-26 11:24:51,557] INFO [DjangoBlog.utils.news:65 utils] cache_decorator set cache:get_article_count key:55ac2cdd43da5f9d56a83d55e50dc04c
[2021-02-26 11:24:51,558] INFO [DjangoBlog.utils.news:65 utils] cache_decorator set cache:get_article_count key:2f69e0ff4bbee7964c654aea32db899f
[2021-02-26 11:24:51,559] INFO [DjangoBlog.utils.news:65 utils] cache_decorator set cache:get_article_count key:42fbe9eeadc8c85d0a969df8958c614e
[2021-02-26 11:24:51,561] INFO [DjangoBlog.utils.news:65 utils] cache_decorator set cache:get_article_count key:c891896d61f5a66cfcfa575f9452df6d
[2021-02-26 11:24:51,562] INFO [DjangoBlog.utils.news:65 utils] cache_decorator set cache:get_article_count key:27445b4c9e6d13ce76c737b5c2981ea7
[2021-02-26 11:24:51,563] INFO [DjangoBlog.utils.news:65 utils] cache_decorator set cache:get_article_count key:d416283ed5e46fa26114bae087d66a37
[2021-02-26 11:24:51,564] INFO [DjangoBlog.utils.news:65 utils] cache_decorator set cache:get_article_count key:1f686417b0ebc4e95ef79284e5146ccf
[2021-02-26 11:24:51,566] INFO [DjangoBlog.utils.news:65 utils] cache_decorator set cache:get_article_count key:aae4a1a2045af5bd8720ff914ee3132e
[2021-02-26 11:24:51,567] INFO [DjangoBlog.utils.news:65 utils] cache_decorator set cache:get_article_count key:27a5d25a40ecba4ff0999285e8dd25bc
[2021-02-26 11:24:51,568] INFO [DjangoBlog.utils.news:65 utils] cache_decorator set cache:get_article_count key:32373aa46922d865b91b5f37eb2cba1d
[2021-02-26 11:24:51,569] INFO [DjangoBlog.utils.news:65 utils] cache_decorator set cache:get_article_count key:d7278915f5e9eca8bcae5fcee94f922c
[2021-02-26 11:24:51,571] INFO [DjangoBlog.utils.news:65 utils] cache_decorator set cache:get_article_count key:7c4931b2fa26100f24bc87bb99c69402
[2021-02-26 11:24:51,573] INFO [DjangoBlog.utils.news:65 utils] cache_decorator set cache:get_article_count key:34cd0c6d274e5004d77bfc7f4b66cdc5
[2021-02-26 11:24:51,574] INFO [DjangoBlog.utils.news:65 utils] cache_decorator set cache:get_article_count key:e7603fc7bbb1643a95c91661f16a0adc
[2021-02-26 11:24:51,576] INFO [DjangoBlog.utils.news:65 utils] cache_decorator set cache:get_article_count key:5939787ffd3993762af065bc862fc85e
[2021-02-26 11:24:51,577] INFO [DjangoBlog.utils.news:65 utils] cache_decorator set cache:get_article_count key:3da1187da9c98e3fb3ace5a0406392c3
[2021-02-26 11:24:51,578] INFO [DjangoBlog.utils.news:65 utils] cache_decorator set cache:get_article_count key:e302f243fc78423390e4cb43a505db0c
[2021-02-26 11:24:56,590] INFO [blog.views.get_queryset_from_cache:65 views] get view cache.key:index_1
[2021-02-26 11:25:05,869] INFO [DjangoBlog.utils.news:65 utils] cache_decorator set cache:get_oauth_apps key:8d41d3460b344000e114f8a1ebd12e41
[2021-02-26 11:25:27,963] INFO [accounts.views.form_valid:115 views] next
[2021-02-26 11:25:27,978] INFO [DjangoBlog.utils.news:65 utils] cache_decorator set cache:get_current_site key:c8ae91c26a08b41751ec1304457b8927
[2021-02-26 11:25:28,382] INFO [DjangoBlog.spider_notify.baidu_notify:30 spider_notify] {"remain":100000,"success":0,"not_same_site":["https://example.com/author/renlele.html"]}
[2021-02-26 11:25:28,382] INFO [DjangoBlog.blog_signals.user_auth_callback:136 blog_signals] 2103016836@qq.com
[2021-02-26 11:25:28,383] INFO [DjangoBlog.utils.delete_sidebar_cache:270 utils] delete sidebar key:template.cache.sidebar.f46d388c3ed4eb7e1c831633b38e3b6f
[2021-02-26 11:25:28,383] INFO [DjangoBlog.utils.delete_sidebar_cache:270 utils] delete sidebar key:template.cache.sidebar.062b83b0d4ce8d176fa2636203b2f5c9
[2021-02-26 11:25:28,383] INFO [DjangoBlog.utils.delete_sidebar_cache:270 utils] delete sidebar key:template.cache.sidebar.e7a9d8cca958ed33bc7dd9dbdafdd642
[2021-02-26 11:25:28,384] INFO [DjangoBlog.utils.delete_sidebar_cache:270 utils] delete sidebar key:template.cache.sidebar.09d65fd76dd9111f73980beb568177cc
[2021-02-26 11:25:28,385] INFO [DjangoBlog.utils.delete_sidebar_cache:270 utils] delete sidebar key:template.cache.sidebar.482bbba6a15fe9764913fcb6bfca0d8c
[2021-02-26 11:25:28,399] INFO [blog.views.get_queryset_from_cache:70 views] set view cache.key:index_1
[2021-02-26 11:25:28,401] INFO [blog.context_processors.seo_processor:30 context_processors] set processor cache.
[2021-02-26 11:25:28,404] INFO [DjangoBlog.utils.get_blog_setting:219 utils] set cache get_blog_setting
[2021-02-26 11:25:28,567] INFO [blog.templatetags.blog_tags.load_sidebar:135 blog_tags] load sidebar
[2021-02-26 11:25:28,570] INFO [DjangoBlog.utils.news:65 utils] cache_decorator set cache:get_article_count key:bec590aef0b7ac699a9449cd6a64cfae
[2021-02-26 11:25:28,572] INFO [DjangoBlog.utils.news:65 utils] cache_decorator set cache:get_article_count key:957c27550266e5610f1c307c9a0a8265
[2021-02-26 11:25:28,573] INFO [DjangoBlog.utils.news:65 utils] cache_decorator set cache:get_article_count key:a5fac1f1c5708c89f23f6947a9fa449c
[2021-02-26 11:25:28,575] INFO [DjangoBlog.utils.news:65 utils] cache_decorator set cache:get_article_count key:55ac2cdd43da5f9d56a83d55e50dc04c
[2021-02-26 11:25:28,576] INFO [DjangoBlog.utils.news:65 utils] cache_decorator set cache:get_article_count key:2f69e0ff4bbee7964c654aea32db899f
[2021-02-26 11:25:28,577] INFO [DjangoBlog.utils.news:65 utils] cache_decorator set cache:get_article_count key:42fbe9eeadc8c85d0a969df8958c614e
[2021-02-26 11:25:28,579] INFO [DjangoBlog.utils.news:65 utils] cache_decorator set cache:get_article_count key:c891896d61f5a66cfcfa575f9452df6d
[2021-02-26 11:25:28,581] INFO [DjangoBlog.utils.news:65 utils] cache_decorator set cache:get_article_count key:27445b4c9e6d13ce76c737b5c2981ea7
[2021-02-26 11:25:28,583] INFO [DjangoBlog.utils.news:65 utils] cache_decorator set cache:get_article_count key:d416283ed5e46fa26114bae087d66a37
[2021-02-26 11:25:28,585] INFO [DjangoBlog.utils.news:65 utils] cache_decorator set cache:get_article_count key:1f686417b0ebc4e95ef79284e5146ccf
[2021-02-26 11:25:28,587] INFO [DjangoBlog.utils.news:65 utils] cache_decorator set cache:get_article_count key:aae4a1a2045af5bd8720ff914ee3132e
[2021-02-26 11:25:28,589] INFO [DjangoBlog.utils.news:65 utils] cache_decorator set cache:get_article_count key:27a5d25a40ecba4ff0999285e8dd25bc
[2021-02-26 11:25:28,590] INFO [DjangoBlog.utils.news:65 utils] cache_decorator set cache:get_article_count key:32373aa46922d865b91b5f37eb2cba1d
[2021-02-26 11:25:28,592] INFO [DjangoBlog.utils.news:65 utils] cache_decorator set cache:get_article_count key:d7278915f5e9eca8bcae5fcee94f922c
[2021-02-26 11:25:28,594] INFO [DjangoBlog.utils.news:65 utils] cache_decorator set cache:get_article_count key:7c4931b2fa26100f24bc87bb99c69402
[2021-02-26 11:25:28,596] INFO [DjangoBlog.utils.news:65 utils] cache_decorator set cache:get_article_count key:34cd0c6d274e5004d77bfc7f4b66cdc5
[2021-02-26 11:25:28,598] INFO [DjangoBlog.utils.news:65 utils] cache_decorator set cache:get_article_count key:e7603fc7bbb1643a95c91661f16a0adc
[2021-02-26 11:25:28,601] INFO [DjangoBlog.utils.news:65 utils] cache_decorator set cache:get_article_count key:5939787ffd3993762af065bc862fc85e
[2021-02-26 11:25:28,602] INFO [DjangoBlog.utils.news:65 utils] cache_decorator set cache:get_article_count key:3da1187da9c98e3fb3ace5a0406392c3
[2021-02-26 11:25:28,604] INFO [DjangoBlog.utils.news:65 utils] cache_decorator set cache:get_article_count key:e302f243fc78423390e4cb43a505db0c
[2021-02-26 11:25:46,457] INFO [accounts.views.form_valid:115 views] next
[2021-02-26 11:25:46,470] INFO [DjangoBlog.utils.news:65 utils] cache_decorator set cache:get_current_site key:c8ae91c26a08b41751ec1304457b8927
[2021-02-26 11:25:46,721] INFO [DjangoBlog.spider_notify.baidu_notify:30 spider_notify] {"remain":100000,"success":0,"not_same_site":["https://example.com/author/renlele.html"]}
[2021-02-26 11:25:46,722] INFO [DjangoBlog.blog_signals.user_auth_callback:136 blog_signals] 2103016836@qq.com
[2021-02-26 11:25:46,722] INFO [DjangoBlog.utils.delete_sidebar_cache:270 utils] delete sidebar key:template.cache.sidebar.f46d388c3ed4eb7e1c831633b38e3b6f
[2021-02-26 11:25:46,722] INFO [DjangoBlog.utils.delete_sidebar_cache:270 utils] delete sidebar key:template.cache.sidebar.062b83b0d4ce8d176fa2636203b2f5c9
[2021-02-26 11:25:46,722] INFO [DjangoBlog.utils.delete_sidebar_cache:270 utils] delete sidebar key:template.cache.sidebar.e7a9d8cca958ed33bc7dd9dbdafdd642
[2021-02-26 11:25:46,723] INFO [DjangoBlog.utils.delete_sidebar_cache:270 utils] delete sidebar key:template.cache.sidebar.09d65fd76dd9111f73980beb568177cc
[2021-02-26 11:25:46,723] INFO [DjangoBlog.utils.delete_sidebar_cache:270 utils] delete sidebar key:template.cache.sidebar.482bbba6a15fe9764913fcb6bfca0d8c
[2021-02-26 11:25:51,139] INFO [blog.context_processors.seo_processor:30 context_processors] set processor cache.
[2021-02-26 11:25:51,143] INFO [DjangoBlog.utils.get_blog_setting:219 utils] set cache get_blog_setting
[2021-02-26 11:25:51,157] INFO [DjangoBlog.utils.news:65 utils] cache_decorator set cache:get_oauth_apps key:8d41d3460b344000e114f8a1ebd12e41
[2021-02-26 11:25:55,352] INFO [accounts.views.form_valid:115 views] next
[2021-02-26 11:25:55,371] INFO [DjangoBlog.utils.news:65 utils] cache_decorator set cache:get_current_site key:c8ae91c26a08b41751ec1304457b8927
[2021-02-26 11:25:55,558] INFO [DjangoBlog.spider_notify.baidu_notify:30 spider_notify] {"remain":100000,"success":0,"not_same_site":["https://example.com/author/renlele.html"]}
[2021-02-26 11:25:55,559] INFO [DjangoBlog.blog_signals.user_auth_callback:136 blog_signals] 2103016836@qq.com
[2021-02-26 11:25:55,559] INFO [DjangoBlog.utils.delete_sidebar_cache:270 utils] delete sidebar key:template.cache.sidebar.f46d388c3ed4eb7e1c831633b38e3b6f
[2021-02-26 11:25:55,559] INFO [DjangoBlog.utils.delete_sidebar_cache:270 utils] delete sidebar key:template.cache.sidebar.062b83b0d4ce8d176fa2636203b2f5c9
[2021-02-26 11:25:55,560] INFO [DjangoBlog.utils.delete_sidebar_cache:270 utils] delete sidebar key:template.cache.sidebar.e7a9d8cca958ed33bc7dd9dbdafdd642
[2021-02-26 11:25:55,560] INFO [DjangoBlog.utils.delete_sidebar_cache:270 utils] delete sidebar key:template.cache.sidebar.09d65fd76dd9111f73980beb568177cc
[2021-02-26 11:25:55,560] INFO [DjangoBlog.utils.delete_sidebar_cache:270 utils] delete sidebar key:template.cache.sidebar.482bbba6a15fe9764913fcb6bfca0d8c
[2021-02-26 11:26:19,739] INFO [blog.context_processors.seo_processor:30 context_processors] set processor cache.
[2021-02-26 11:26:19,741] INFO [DjangoBlog.utils.get_blog_setting:219 utils] set cache get_blog_setting
[2021-02-26 11:26:26,547] WARNING [django.security.csrf.log_response:230 log] Forbidden (CSRF token missing or incorrect.): /login/
[2021-02-26 11:26:40,042] INFO [DjangoBlog.utils.news:65 utils] cache_decorator set cache:get_oauth_apps key:8d41d3460b344000e114f8a1ebd12e41
[2021-02-26 11:26:44,925] INFO [blog.views.get_queryset_from_cache:70 views] set view cache.key:index_1
[2021-02-26 11:26:45,024] INFO [blog.templatetags.blog_tags.load_sidebar:135 blog_tags] load sidebar
[2021-02-26 11:26:45,027] INFO [DjangoBlog.utils.news:65 utils] cache_decorator set cache:get_article_count key:bec590aef0b7ac699a9449cd6a64cfae
[2021-02-26 11:26:45,028] INFO [DjangoBlog.utils.news:65 utils] cache_decorator set cache:get_article_count key:957c27550266e5610f1c307c9a0a8265
[2021-02-26 11:26:45,030] INFO [DjangoBlog.utils.news:65 utils] cache_decorator set cache:get_article_count key:a5fac1f1c5708c89f23f6947a9fa449c
[2021-02-26 11:26:45,031] INFO [DjangoBlog.utils.news:65 utils] cache_decorator set cache:get_article_count key:55ac2cdd43da5f9d56a83d55e50dc04c
[2021-02-26 11:26:45,033] INFO [DjangoBlog.utils.news:65 utils] cache_decorator set cache:get_article_count key:2f69e0ff4bbee7964c654aea32db899f
[2021-02-26 11:26:45,034] INFO [DjangoBlog.utils.news:65 utils] cache_decorator set cache:get_article_count key:42fbe9eeadc8c85d0a969df8958c614e
[2021-02-26 11:26:45,035] INFO [DjangoBlog.utils.news:65 utils] cache_decorator set cache:get_article_count key:c891896d61f5a66cfcfa575f9452df6d
[2021-02-26 11:26:45,036] INFO [DjangoBlog.utils.news:65 utils] cache_decorator set cache:get_article_count key:27445b4c9e6d13ce76c737b5c2981ea7
[2021-02-26 11:26:45,037] INFO [DjangoBlog.utils.news:65 utils] cache_decorator set cache:get_article_count key:d416283ed5e46fa26114bae087d66a37
[2021-02-26 11:26:45,039] INFO [DjangoBlog.utils.news:65 utils] cache_decorator set cache:get_article_count key:1f686417b0ebc4e95ef79284e5146ccf
[2021-02-26 11:26:45,040] INFO [DjangoBlog.utils.news:65 utils] cache_decorator set cache:get_article_count key:aae4a1a2045af5bd8720ff914ee3132e
[2021-02-26 11:26:45,041] INFO [DjangoBlog.utils.news:65 utils] cache_decorator set cache:get_article_count key:27a5d25a40ecba4ff0999285e8dd25bc
[2021-02-26 11:26:45,043] INFO [DjangoBlog.utils.news:65 utils] cache_decorator set cache:get_article_count key:32373aa46922d865b91b5f37eb2cba1d
[2021-02-26 11:26:45,044] INFO [DjangoBlog.utils.news:65 utils] cache_decorator set cache:get_article_count key:d7278915f5e9eca8bcae5fcee94f922c
[2021-02-26 11:26:45,045] INFO [DjangoBlog.utils.news:65 utils] cache_decorator set cache:get_article_count key:7c4931b2fa26100f24bc87bb99c69402
[2021-02-26 11:26:45,046] INFO [DjangoBlog.utils.news:65 utils] cache_decorator set cache:get_article_count key:34cd0c6d274e5004d77bfc7f4b66cdc5
[2021-02-26 11:26:45,048] INFO [DjangoBlog.utils.news:65 utils] cache_decorator set cache:get_article_count key:e7603fc7bbb1643a95c91661f16a0adc
[2021-02-26 11:26:45,049] INFO [DjangoBlog.utils.news:65 utils] cache_decorator set cache:get_article_count key:5939787ffd3993762af065bc862fc85e
[2021-02-26 11:26:45,051] INFO [DjangoBlog.utils.news:65 utils] cache_decorator set cache:get_article_count key:3da1187da9c98e3fb3ace5a0406392c3
[2021-02-26 11:26:45,052] INFO [DjangoBlog.utils.news:65 utils] cache_decorator set cache:get_article_count key:e302f243fc78423390e4cb43a505db0c
[2021-02-26 11:27:05,291] INFO [accounts.views.form_valid:115 views] next
[2021-02-26 11:27:05,310] INFO [DjangoBlog.utils.news:65 utils] cache_decorator set cache:get_current_site key:c8ae91c26a08b41751ec1304457b8927
[2021-02-26 11:27:05,666] INFO [DjangoBlog.spider_notify.baidu_notify:30 spider_notify] {"remain":100000,"success":0,"not_same_site":["https://example.com/author/renlele.html"]}
[2021-02-26 11:27:05,667] INFO [DjangoBlog.blog_signals.user_auth_callback:136 blog_signals] 2103016836@qq.com
[2021-02-26 11:27:05,667] INFO [DjangoBlog.utils.delete_sidebar_cache:270 utils] delete sidebar key:template.cache.sidebar.f46d388c3ed4eb7e1c831633b38e3b6f
[2021-02-26 11:27:05,667] INFO [DjangoBlog.utils.delete_sidebar_cache:270 utils] delete sidebar key:template.cache.sidebar.062b83b0d4ce8d176fa2636203b2f5c9
[2021-02-26 11:27:05,668] INFO [DjangoBlog.utils.delete_sidebar_cache:270 utils] delete sidebar key:template.cache.sidebar.e7a9d8cca958ed33bc7dd9dbdafdd642
[2021-02-26 11:27:05,668] INFO [DjangoBlog.utils.delete_sidebar_cache:270 utils] delete sidebar key:template.cache.sidebar.09d65fd76dd9111f73980beb568177cc
[2021-02-26 11:27:05,668] INFO [DjangoBlog.utils.delete_sidebar_cache:270 utils] delete sidebar key:template.cache.sidebar.482bbba6a15fe9764913fcb6bfca0d8c
[2021-02-26 11:27:05,742] INFO [blog.views.get_queryset_from_cache:70 views] set view cache.key:index_1
[2021-02-26 11:27:05,743] INFO [blog.context_processors.seo_processor:30 context_processors] set processor cache.
[2021-02-26 11:27:05,746] INFO [DjangoBlog.utils.get_blog_setting:219 utils] set cache get_blog_setting
[2021-02-26 11:27:05,854] INFO [blog.templatetags.blog_tags.load_sidebar:135 blog_tags] load sidebar
[2021-02-26 11:27:05,857] INFO [DjangoBlog.utils.news:65 utils] cache_decorator set cache:get_article_count key:bec590aef0b7ac699a9449cd6a64cfae
[2021-02-26 11:27:05,859] INFO [DjangoBlog.utils.news:65 utils] cache_decorator set cache:get_article_count key:957c27550266e5610f1c307c9a0a8265
[2021-02-26 11:27:05,860] INFO [DjangoBlog.utils.news:65 utils] cache_decorator set cache:get_article_count key:a5fac1f1c5708c89f23f6947a9fa449c
[2021-02-26 11:27:05,861] INFO [DjangoBlog.utils.news:65 utils] cache_decorator set cache:get_article_count key:55ac2cdd43da5f9d56a83d55e50dc04c
[2021-02-26 11:27:05,863] INFO [DjangoBlog.utils.news:65 utils] cache_decorator set cache:get_article_count key:2f69e0ff4bbee7964c654aea32db899f
[2021-02-26 11:27:05,864] INFO [DjangoBlog.utils.news:65 utils] cache_decorator set cache:get_article_count key:42fbe9eeadc8c85d0a969df8958c614e
[2021-02-26 11:27:05,865] INFO [DjangoBlog.utils.news:65 utils] cache_decorator set cache:get_article_count key:c891896d61f5a66cfcfa575f9452df6d
[2021-02-26 11:27:05,866] INFO [DjangoBlog.utils.news:65 utils] cache_decorator set cache:get_article_count key:27445b4c9e6d13ce76c737b5c2981ea7
[2021-02-26 11:27:05,868] INFO [DjangoBlog.utils.news:65 utils] cache_decorator set cache:get_article_count key:d416283ed5e46fa26114bae087d66a37
[2021-02-26 11:27:05,870] INFO [DjangoBlog.utils.news:65 utils] cache_decorator set cache:get_article_count key:1f686417b0ebc4e95ef79284e5146ccf
[2021-02-26 11:27:05,872] INFO [DjangoBlog.utils.news:65 utils] cache_decorator set cache:get_article_count key:aae4a1a2045af5bd8720ff914ee3132e
[2021-02-26 11:27:05,873] INFO [DjangoBlog.utils.news:65 utils] cache_decorator set cache:get_article_count key:27a5d25a40ecba4ff0999285e8dd25bc
[2021-02-26 11:27:05,874] INFO [DjangoBlog.utils.news:65 utils] cache_decorator set cache:get_article_count key:32373aa46922d865b91b5f37eb2cba1d
[2021-02-26 11:27:05,875] INFO [DjangoBlog.utils.news:65 utils] cache_decorator set cache:get_article_count key:d7278915f5e9eca8bcae5fcee94f922c
[2021-02-26 11:27:05,877] INFO [DjangoBlog.utils.news:65 utils] cache_decorator set cache:get_article_count key:7c4931b2fa26100f24bc87bb99c69402
[2021-02-26 11:27:05,878] INFO [DjangoBlog.utils.news:65 utils] cache_decorator set cache:get_article_count key:34cd0c6d274e5004d77bfc7f4b66cdc5
[2021-02-26 11:27:05,879] INFO [DjangoBlog.utils.news:65 utils] cache_decorator set cache:get_article_count key:e7603fc7bbb1643a95c91661f16a0adc
[2021-02-26 11:27:05,880] INFO [DjangoBlog.utils.news:65 utils] cache_decorator set cache:get_article_count key:5939787ffd3993762af065bc862fc85e
[2021-02-26 11:27:05,882] INFO [DjangoBlog.utils.news:65 utils] cache_decorator set cache:get_article_count key:3da1187da9c98e3fb3ace5a0406392c3
[2021-02-26 11:27:05,883] INFO [DjangoBlog.utils.news:65 utils] cache_decorator set cache:get_article_count key:e302f243fc78423390e4cb43a505db0c
[2021-02-26 11:27:23,664] INFO [blog.models.comment_list:148 models] set article comments:19
[2021-02-26 11:27:23,667] INFO [DjangoBlog.utils.news:65 utils] cache_decorator set cache:get_current_site key:c8ae91c26a08b41751ec1304457b8927
[2021-02-26 11:27:23,675] INFO [DjangoBlog.utils.news:65 utils] cache_decorator set cache:get_category_tree key:b891679b381f313fc05103634a8966d9
[2021-02-26 11:27:23,676] INFO [DjangoBlog.utils.news:65 utils] cache_decorator set cache:get_category_tree key:aea6a84f671c8999d5586664dd693c61
[2021-02-26 11:27:23,679] INFO [DjangoBlog.utils.news:65 utils] cache_decorator set cache:next_article key:63968e00b714442dea87256633f22bc1
[2021-02-26 11:27:23,680] INFO [DjangoBlog.utils.news:65 utils] cache_decorator set cache:prev_article key:9b2fb884b4c2b56f1544f2cdabb5cad6
[2021-02-26 11:27:23,694] INFO [blog.templatetags.blog_tags.load_sidebar:135 blog_tags] load sidebar
[2021-02-26 11:29:28,835] INFO [blog.views.get_queryset_from_cache:65 views] get view cache.key:index_1
[2021-02-26 11:29:50,206] INFO [DjangoBlog.spider_notify.baidu_notify:30 spider_notify] {"remain":100000,"success":0,"not_same_site":["https://example.com/author/pcd.html"]}
[2021-02-26 11:29:50,245] INFO [blog.context_processors.seo_processor:30 context_processors] set processor cache.
[2021-02-26 11:29:50,248] INFO [DjangoBlog.utils.get_blog_setting:219 utils] set cache get_blog_setting
[2021-02-26 11:30:05,976] INFO [DjangoBlog.blog_signals.user_auth_callback:136 blog_signals] 2103016836@qq.com
[2021-02-26 11:30:05,976] INFO [DjangoBlog.utils.delete_sidebar_cache:270 utils] delete sidebar key:template.cache.sidebar.f46d388c3ed4eb7e1c831633b38e3b6f
[2021-02-26 11:30:05,978] INFO [DjangoBlog.utils.delete_sidebar_cache:270 utils] delete sidebar key:template.cache.sidebar.062b83b0d4ce8d176fa2636203b2f5c9
[2021-02-26 11:30:05,979] INFO [DjangoBlog.utils.delete_sidebar_cache:270 utils] delete sidebar key:template.cache.sidebar.e7a9d8cca958ed33bc7dd9dbdafdd642
[2021-02-26 11:30:05,979] INFO [DjangoBlog.utils.delete_sidebar_cache:270 utils] delete sidebar key:template.cache.sidebar.09d65fd76dd9111f73980beb568177cc
[2021-02-26 11:30:05,979] INFO [DjangoBlog.utils.delete_sidebar_cache:270 utils] delete sidebar key:template.cache.sidebar.482bbba6a15fe9764913fcb6bfca0d8c
[2021-02-26 11:30:05,988] INFO [blog.context_processors.seo_processor:30 context_processors] set processor cache.
[2021-02-26 11:30:05,991] INFO [DjangoBlog.utils.get_blog_setting:219 utils] set cache get_blog_setting
[2021-02-26 11:30:06,008] INFO [DjangoBlog.utils.news:65 utils] cache_decorator set cache:get_oauth_apps key:8d41d3460b344000e114f8a1ebd12e41
[2021-02-26 11:30:11,801] INFO [accounts.views.form_valid:115 views] next
[2021-02-26 11:30:11,810] INFO [DjangoBlog.utils.news:65 utils] cache_decorator set cache:get_current_site key:c8ae91c26a08b41751ec1304457b8927
[2021-02-26 11:30:12,167] INFO [DjangoBlog.spider_notify.baidu_notify:30 spider_notify] {"remain":100000,"success":0,"not_same_site":["https://example.com/author/pcd.html"]}
[2021-02-26 11:30:12,168] INFO [DjangoBlog.blog_signals.user_auth_callback:136 blog_signals] 
[2021-02-26 11:30:12,168] INFO [DjangoBlog.utils.delete_sidebar_cache:270 utils] delete sidebar key:template.cache.sidebar.9828c67a604701050a4449550fb0c28b
[2021-02-26 11:30:12,168] INFO [DjangoBlog.utils.delete_sidebar_cache:270 utils] delete sidebar key:template.cache.sidebar.a12e67baeb0ec705eb5aab52b3f3c2bd
[2021-02-26 11:30:12,168] INFO [DjangoBlog.utils.delete_sidebar_cache:270 utils] delete sidebar key:template.cache.sidebar.23f149a24ad5504709939e7358914be5
[2021-02-26 11:30:12,169] INFO [DjangoBlog.utils.delete_sidebar_cache:270 utils] delete sidebar key:template.cache.sidebar.9ef4720302375d7a7bb36a959eb98486
[2021-02-26 11:30:12,169] INFO [DjangoBlog.utils.delete_sidebar_cache:270 utils] delete sidebar key:template.cache.sidebar.35fcaf76cc6660fa5d5f984282434b8a
[2021-02-26 11:30:12,182] INFO [blog.views.get_queryset_from_cache:70 views] set view cache.key:index_1
[2021-02-26 11:30:12,183] INFO [blog.context_processors.seo_processor:30 context_processors] set processor cache.
[2021-02-26 11:30:12,186] INFO [DjangoBlog.utils.get_blog_setting:219 utils] set cache get_blog_setting
[2021-02-26 11:30:12,288] INFO [blog.templatetags.blog_tags.load_sidebar:135 blog_tags] load sidebar
[2021-02-26 11:30:12,290] INFO [DjangoBlog.utils.news:65 utils] cache_decorator set cache:get_article_count key:bec590aef0b7ac699a9449cd6a64cfae
[2021-02-26 11:30:12,292] INFO [DjangoBlog.utils.news:65 utils] cache_decorator set cache:get_article_count key:957c27550266e5610f1c307c9a0a8265
[2021-02-26 11:30:12,293] INFO [DjangoBlog.utils.news:65 utils] cache_decorator set cache:get_article_count key:a5fac1f1c5708c89f23f6947a9fa449c
[2021-02-26 11:30:12,294] INFO [DjangoBlog.utils.news:65 utils] cache_decorator set cache:get_article_count key:55ac2cdd43da5f9d56a83d55e50dc04c
[2021-02-26 11:30:12,296] INFO [DjangoBlog.utils.news:65 utils] cache_decorator set cache:get_article_count key:2f69e0ff4bbee7964c654aea32db899f
[2021-02-26 11:30:12,297] INFO [DjangoBlog.utils.news:65 utils] cache_decorator set cache:get_article_count key:42fbe9eeadc8c85d0a969df8958c614e
[2021-02-26 11:30:12,299] INFO [DjangoBlog.utils.news:65 utils] cache_decorator set cache:get_article_count key:c891896d61f5a66cfcfa575f9452df6d
[2021-02-26 11:30:12,300] INFO [DjangoBlog.utils.news:65 utils] cache_decorator set cache:get_article_count key:27445b4c9e6d13ce76c737b5c2981ea7
[2021-02-26 11:30:12,301] INFO [DjangoBlog.utils.news:65 utils] cache_decorator set cache:get_article_count key:d416283ed5e46fa26114bae087d66a37
[2021-02-26 11:30:12,303] INFO [DjangoBlog.utils.news:65 utils] cache_decorator set cache:get_article_count key:1f686417b0ebc4e95ef79284e5146ccf
[2021-02-26 11:30:12,304] INFO [DjangoBlog.utils.news:65 utils] cache_decorator set cache:get_article_count key:aae4a1a2045af5bd8720ff914ee3132e
[2021-02-26 11:30:12,305] INFO [DjangoBlog.utils.news:65 utils] cache_decorator set cache:get_article_count key:27a5d25a40ecba4ff0999285e8dd25bc
[2021-02-26 11:30:12,307] INFO [DjangoBlog.utils.news:65 utils] cache_decorator set cache:get_article_count key:32373aa46922d865b91b5f37eb2cba1d
[2021-02-26 11:30:12,308] INFO [DjangoBlog.utils.news:65 utils] cache_decorator set cache:get_article_count key:d7278915f5e9eca8bcae5fcee94f922c
[2021-02-26 11:30:12,309] INFO [DjangoBlog.utils.news:65 utils] cache_decorator set cache:get_article_count key:7c4931b2fa26100f24bc87bb99c69402
[2021-02-26 11:30:12,311] INFO [DjangoBlog.utils.news:65 utils] cache_decorator set cache:get_article_count key:34cd0c6d274e5004d77bfc7f4b66cdc5
[2021-02-26 11:30:12,313] INFO [DjangoBlog.utils.news:65 utils] cache_decorator set cache:get_article_count key:e7603fc7bbb1643a95c91661f16a0adc
[2021-02-26 11:30:12,314] INFO [DjangoBlog.utils.news:65 utils] cache_decorator set cache:get_article_count key:5939787ffd3993762af065bc862fc85e
[2021-02-26 11:30:12,316] INFO [DjangoBlog.utils.news:65 utils] cache_decorator set cache:get_article_count key:3da1187da9c98e3fb3ace5a0406392c3
[2021-02-26 11:30:12,317] INFO [DjangoBlog.utils.news:65 utils] cache_decorator set cache:get_article_count key:e302f243fc78423390e4cb43a505db0c
[2021-02-26 11:30:15,129] INFO [blog.models.comment_list:148 models] set article comments:19
[2021-02-26 11:30:15,133] INFO [DjangoBlog.utils.news:65 utils] cache_decorator set cache:get_current_site key:c8ae91c26a08b41751ec1304457b8927
[2021-02-26 11:30:15,142] INFO [DjangoBlog.utils.news:65 utils] cache_decorator set cache:get_category_tree key:b891679b381f313fc05103634a8966d9
[2021-02-26 11:30:15,142] INFO [DjangoBlog.utils.news:65 utils] cache_decorator set cache:get_category_tree key:aea6a84f671c8999d5586664dd693c61
[2021-02-26 11:30:15,145] INFO [DjangoBlog.utils.news:65 utils] cache_decorator set cache:next_article key:63968e00b714442dea87256633f22bc1
[2021-02-26 11:30:15,147] INFO [DjangoBlog.utils.news:65 utils] cache_decorator set cache:prev_article key:9b2fb884b4c2b56f1544f2cdabb5cad6
[2021-02-26 11:30:15,164] INFO [blog.templatetags.blog_tags.load_sidebar:135 blog_tags] load sidebar
[2021-02-26 11:30:38,424] INFO [DjangoBlog.utils.delete_sidebar_cache:270 utils] delete sidebar key:template.cache.sidebar.9828c67a604701050a4449550fb0c28b
[2021-02-26 11:30:38,424] INFO [DjangoBlog.utils.delete_sidebar_cache:270 utils] delete sidebar key:template.cache.sidebar.a12e67baeb0ec705eb5aab52b3f3c2bd
[2021-02-26 11:30:38,425] INFO [DjangoBlog.utils.delete_sidebar_cache:270 utils] delete sidebar key:template.cache.sidebar.23f149a24ad5504709939e7358914be5
[2021-02-26 11:30:38,425] INFO [DjangoBlog.utils.delete_sidebar_cache:270 utils] delete sidebar key:template.cache.sidebar.9ef4720302375d7a7bb36a959eb98486
[2021-02-26 11:30:38,425] INFO [DjangoBlog.utils.delete_sidebar_cache:270 utils] delete sidebar key:template.cache.sidebar.35fcaf76cc6660fa5d5f984282434b8a
[2021-02-26 11:30:38,439] INFO [blog.models.comment_list:148 models] set article comments:19
[2021-02-26 11:30:38,441] INFO [blog.context_processors.seo_processor:30 context_processors] set processor cache.
[2021-02-26 11:30:38,469] INFO [blog.templatetags.blog_tags.load_sidebar:135 blog_tags] load sidebar
[2021-02-26 11:30:41,932] INFO [blog.models.comment_list:143 models] get article comments:19
[2021-02-26 11:30:45,701] INFO [blog.models.comment_list:143 models] get article comments:19
[2021-02-26 11:30:45,720] INFO [blog.templatetags.blog_tags.load_sidebar:135 blog_tags] load sidebar
[2021-02-26 17:04:16,745] INFO [django.utils.autoreload.run_with_reloader:612 autoreload] Watching for file changes with StatReloader
[2021-03-04 19:24:23,356] INFO [django.utils.autoreload.run_with_reloader:612 autoreload] Watching for file changes with StatReloader
[2021-03-04 19:24:25,982] INFO [blog.views.get_queryset_from_cache:70 views] set view cache.key:index_1
[2021-03-04 19:24:26,001] INFO [blog.context_processors.seo_processor:30 context_processors] set processor cache.
[2021-03-04 19:24:26,024] INFO [DjangoBlog.utils.get_blog_setting:219 utils] set cache get_blog_setting
[2021-03-04 19:24:28,109] INFO [blog.templatetags.blog_tags.load_sidebar:135 blog_tags] load sidebar
[2021-03-04 19:24:28,112] INFO [DjangoBlog.utils.news:65 utils] cache_decorator set cache:get_article_count key:19b168909cb79bf532d0067bd609bec0
[2021-03-04 19:24:28,114] INFO [DjangoBlog.utils.news:65 utils] cache_decorator set cache:get_article_count key:0081ab622d7ba88b274b5b1f34afe421
[2021-03-04 19:24:28,115] INFO [DjangoBlog.utils.news:65 utils] cache_decorator set cache:get_article_count key:b5625a85dfd8da8eb85ffd3126cc23f5
[2021-03-04 19:24:28,116] INFO [DjangoBlog.utils.news:65 utils] cache_decorator set cache:get_article_count key:a9f68e4546bef5b8220b938a401c1d6a
[2021-03-04 19:24:28,117] INFO [DjangoBlog.utils.news:65 utils] cache_decorator set cache:get_article_count key:2481c694f9836aac0b60df17c60a5a73
[2021-03-04 19:24:28,118] INFO [DjangoBlog.utils.news:65 utils] cache_decorator set cache:get_article_count key:c176a00bff8b94fc7ec098ada3207c98
[2021-03-04 19:24:28,120] INFO [DjangoBlog.utils.news:65 utils] cache_decorator set cache:get_article_count key:b6ddc6e9d5d2236ff0bece1e5c6bd9a0
[2021-03-04 19:24:28,121] INFO [DjangoBlog.utils.news:65 utils] cache_decorator set cache:get_article_count key:a41d831c5ec00b817fb32205ba234063
[2021-03-04 19:24:28,123] INFO [DjangoBlog.utils.news:65 utils] cache_decorator set cache:get_article_count key:1e297ee8d44447e768b1d52ded3729ab
[2021-03-04 19:24:28,125] INFO [DjangoBlog.utils.news:65 utils] cache_decorator set cache:get_article_count key:fc821cc8f5c8bf5e2c11f41f6569c712
[2021-03-04 19:24:28,126] INFO [DjangoBlog.utils.news:65 utils] cache_decorator set cache:get_article_count key:8039e3181aa1a2d5fccee01ee5987106
[2021-03-04 19:24:28,127] INFO [DjangoBlog.utils.news:65 utils] cache_decorator set cache:get_article_count key:0b0a1cf6d9289662e770a4b689d47470
[2021-03-04 19:24:28,129] INFO [DjangoBlog.utils.news:65 utils] cache_decorator set cache:get_article_count key:01f971e4c185ebd7d07b457636ea1f30
[2021-03-04 19:24:28,130] INFO [DjangoBlog.utils.news:65 utils] cache_decorator set cache:get_article_count key:830a11c7912593d66314ecf68b768a53
[2021-03-04 19:24:28,131] INFO [DjangoBlog.utils.news:65 utils] cache_decorator set cache:get_article_count key:0f46cd80cb8c03312e76b8af6d38af53
[2021-03-04 19:24:28,132] INFO [DjangoBlog.utils.news:65 utils] cache_decorator set cache:get_article_count key:52cc302569584ecb26b2417fb4997261
[2021-03-04 19:24:28,133] INFO [DjangoBlog.utils.news:65 utils] cache_decorator set cache:get_article_count key:94cb0ea89e5ab1d885b5412d128c5cb0
[2021-03-04 19:24:28,135] INFO [DjangoBlog.utils.news:65 utils] cache_decorator set cache:get_article_count key:a68903419172b96869e7d830b179e3a4
[2021-03-04 19:24:28,137] INFO [DjangoBlog.utils.news:65 utils] cache_decorator set cache:get_article_count key:cba930f5e0052f32e97955de27657804
[2021-03-04 19:24:28,138] INFO [DjangoBlog.utils.news:65 utils] cache_decorator set cache:get_article_count key:fa28d41ed2e2bad0b0983db86ff2e28e
[2021-03-04 19:24:50,290] INFO [DjangoBlog.utils.news:65 utils] cache_decorator set cache:get_current_site key:1a62492292e0b835d17e2cefd96ffec4
[2021-03-04 19:24:50,729] INFO [DjangoBlog.spider_notify.baidu_notify:30 spider_notify] {"remain":99994,"success":0,"not_same_site":["https://example.com/author/renlele.html"]}
[2021-03-04 19:24:50,729] INFO [DjangoBlog.blog_signals.user_auth_callback:136 blog_signals] 2103016836@qq.com
[2021-03-04 19:24:50,731] INFO [DjangoBlog.utils.delete_sidebar_cache:270 utils] delete sidebar key:template.cache.sidebar.f46d388c3ed4eb7e1c831633b38e3b6f
[2021-03-04 19:24:50,731] INFO [DjangoBlog.utils.delete_sidebar_cache:270 utils] delete sidebar key:template.cache.sidebar.062b83b0d4ce8d176fa2636203b2f5c9
[2021-03-04 19:24:50,731] INFO [DjangoBlog.utils.delete_sidebar_cache:270 utils] delete sidebar key:template.cache.sidebar.e7a9d8cca958ed33bc7dd9dbdafdd642
[2021-03-04 19:24:50,731] INFO [DjangoBlog.utils.delete_sidebar_cache:270 utils] delete sidebar key:template.cache.sidebar.09d65fd76dd9111f73980beb568177cc
[2021-03-04 19:24:50,731] INFO [DjangoBlog.utils.delete_sidebar_cache:270 utils] delete sidebar key:template.cache.sidebar.482bbba6a15fe9764913fcb6bfca0d8c
[2021-03-04 19:24:50,759] INFO [blog.context_processors.seo_processor:30 context_processors] set processor cache.
[2021-03-04 19:24:50,762] INFO [DjangoBlog.utils.get_blog_setting:219 utils] set cache get_blog_setting
[2021-03-04 19:25:33,371] INFO [DjangoBlog.utils.news:65 utils] cache_decorator set cache:get_current_site key:1a62492292e0b835d17e2cefd96ffec4
[2021-03-04 19:31:23,351] INFO [django.utils.autoreload.trigger_reload:236 autoreload] D:\RT\DjangoBlog-master\blog\urls.py changed, reloading.
[2021-03-04 19:31:24,557] INFO [django.utils.autoreload.run_with_reloader:612 autoreload] Watching for file changes with StatReloader
[2021-03-04 19:35:23,649] INFO [django.utils.autoreload.trigger_reload:236 autoreload] D:\RT\DjangoBlog-master\blog\admin.py changed, reloading.
[2021-03-04 19:35:24,775] INFO [django.utils.autoreload.run_with_reloader:612 autoreload] Watching for file changes with StatReloader
[2021-03-04 19:36:57,297] INFO [blog.views.get_queryset_from_cache:70 views] set view cache.key:index_1
[2021-03-04 19:36:57,312] INFO [blog.context_processors.seo_processor:30 context_processors] set processor cache.
[2021-03-04 19:36:57,315] INFO [DjangoBlog.utils.get_blog_setting:219 utils] set cache get_blog_setting
[2021-03-04 19:36:57,561] INFO [blog.templatetags.blog_tags.load_sidebar:135 blog_tags] load sidebar
[2021-03-04 19:36:57,565] INFO [DjangoBlog.utils.news:65 utils] cache_decorator set cache:get_article_count key:90edee368abc1955b1b410e653e037a6
[2021-03-04 19:36:57,566] INFO [DjangoBlog.utils.news:65 utils] cache_decorator set cache:get_article_count key:4fd05d95c9b8667eb4aa6293cfc3ebca
[2021-03-04 19:36:57,568] INFO [DjangoBlog.utils.news:65 utils] cache_decorator set cache:get_article_count key:9ebc72e6abe5a7457b69dd09594a080a
[2021-03-04 19:36:57,569] INFO [DjangoBlog.utils.news:65 utils] cache_decorator set cache:get_article_count key:034834c3e3eb4e8fa8dc30505d51b6b6
[2021-03-04 19:36:57,570] INFO [DjangoBlog.utils.news:65 utils] cache_decorator set cache:get_article_count key:59311710e4016d58227f03a46e57976a
[2021-03-04 19:36:57,571] INFO [DjangoBlog.utils.news:65 utils] cache_decorator set cache:get_article_count key:ae4379a8e299dfbcc2793e0ca718cc26
[2021-03-04 19:36:57,572] INFO [DjangoBlog.utils.news:65 utils] cache_decorator set cache:get_article_count key:0f2daba9d3acd598d0d4120c3bbb92b6
[2021-03-04 19:36:57,574] INFO [DjangoBlog.utils.news:65 utils] cache_decorator set cache:get_article_count key:1ef919ef1602053b42f4c35456738beb
[2021-03-04 19:36:57,575] INFO [DjangoBlog.utils.news:65 utils] cache_decorator set cache:get_article_count key:d18b321abd50f32966c8218abd0becd0
[2021-03-04 19:36:57,577] INFO [DjangoBlog.utils.news:65 utils] cache_decorator set cache:get_article_count key:d4c51a26db404c6132704e6d9bac3015
[2021-03-04 19:36:57,580] INFO [DjangoBlog.utils.news:65 utils] cache_decorator set cache:get_article_count key:d94e2c6880f4593862b686bf34856004
[2021-03-04 19:36:57,580] INFO [DjangoBlog.utils.news:65 utils] cache_decorator set cache:get_article_count key:69cc7b4699f2d999c9cfb75267ab2d8c
[2021-03-04 19:36:57,581] INFO [DjangoBlog.utils.news:65 utils] cache_decorator set cache:get_article_count key:f5f5fa0e724b148a98854b6ec491901b
[2021-03-04 19:36:57,582] INFO [DjangoBlog.utils.news:65 utils] cache_decorator set cache:get_article_count key:ac20795d1a966475baea8026a58f8d69
[2021-03-04 19:36:57,583] INFO [DjangoBlog.utils.news:65 utils] cache_decorator set cache:get_article_count key:4f52860a127af3575342776b61c7221c
[2021-03-04 19:36:57,585] INFO [DjangoBlog.utils.news:65 utils] cache_decorator set cache:get_article_count key:d27290a44d0140c2eccf62a678fb00ff
[2021-03-04 19:36:57,586] INFO [DjangoBlog.utils.news:65 utils] cache_decorator set cache:get_article_count key:abc832679d9644090f60f9bbea5b3893
[2021-03-04 19:36:57,588] INFO [DjangoBlog.utils.news:65 utils] cache_decorator set cache:get_article_count key:b5d78dfe7238f3541f139831645506c0
[2021-03-04 19:36:57,590] INFO [DjangoBlog.utils.news:65 utils] cache_decorator set cache:get_article_count key:ca5525bcd015d1f1f17e51b3d030cbb6
[2021-03-04 19:36:57,591] INFO [DjangoBlog.utils.news:65 utils] cache_decorator set cache:get_article_count key:8098a2a400ce0682df5bc6de9acc4646
[2021-03-04 19:37:00,037] INFO [DjangoBlog.utils.news:65 utils] cache_decorator set cache:get_sub_categorys key:f8202296f6056c10778fecf99a7d99d4
[2021-03-04 19:37:00,041] INFO [blog.views.get_queryset_from_cache:70 views] set view cache.key:category_list_我是父类目_1
[2021-03-04 19:37:00,073] INFO [blog.templatetags.blog_tags.load_sidebar:135 blog_tags] load sidebar
[2021-03-04 19:37:01,239] INFO [blog.views.get_queryset_from_cache:65 views] get view cache.key:index_1
[2021-03-04 19:37:13,065] INFO [blog.models.comment_list:148 models] set article comments:14
[2021-03-04 19:37:13,075] INFO [DjangoBlog.utils.news:65 utils] cache_decorator set cache:get_current_site key:f1881c758f9a4cf08f49435e487b9b98
[2021-03-04 19:37:13,084] INFO [DjangoBlog.utils.news:65 utils] cache_decorator set cache:get_category_tree key:f570b599f9e054d3577a2e4c58f30456
[2021-03-04 19:37:13,084] INFO [DjangoBlog.utils.news:65 utils] cache_decorator set cache:get_category_tree key:12d839d534404ca9f09a650dfdfc8d78
[2021-03-04 19:37:13,091] INFO [DjangoBlog.utils.news:65 utils] cache_decorator set cache:next_article key:aad8bea386aceb61963ca8ddd05095d0
[2021-03-04 19:37:13,093] INFO [DjangoBlog.utils.news:65 utils] cache_decorator set cache:prev_article key:996f7f8366cd22449da16b8ef1b56f9e
[2021-03-04 19:37:13,120] INFO [blog.templatetags.blog_tags.load_sidebar:135 blog_tags] load sidebar
[2021-03-04 19:37:26,694] INFO [DjangoBlog.utils.delete_sidebar_cache:270 utils] delete sidebar key:template.cache.sidebar.f46d388c3ed4eb7e1c831633b38e3b6f
[2021-03-04 19:37:26,695] INFO [DjangoBlog.utils.delete_sidebar_cache:270 utils] delete sidebar key:template.cache.sidebar.062b83b0d4ce8d176fa2636203b2f5c9
[2021-03-04 19:37:26,695] INFO [DjangoBlog.utils.delete_sidebar_cache:270 utils] delete sidebar key:template.cache.sidebar.e7a9d8cca958ed33bc7dd9dbdafdd642
[2021-03-04 19:37:26,695] INFO [DjangoBlog.utils.delete_sidebar_cache:270 utils] delete sidebar key:template.cache.sidebar.09d65fd76dd9111f73980beb568177cc
[2021-03-04 19:37:26,695] INFO [DjangoBlog.utils.delete_sidebar_cache:270 utils] delete sidebar key:template.cache.sidebar.482bbba6a15fe9764913fcb6bfca0d8c
[2021-03-04 19:37:26,709] INFO [blog.models.comment_list:148 models] set article comments:14
[2021-03-04 19:37:26,723] INFO [blog.context_processors.seo_processor:30 context_processors] set processor cache.
[2021-03-04 19:37:26,849] INFO [blog.templatetags.blog_tags.load_sidebar:135 blog_tags] load sidebar
[2021-03-04 19:37:27,468] ERROR [DjangoBlog.blog_signals.send_email_signal_handler:64 blog_signals] (500, b'Error: bad syntax', 'None')
[2021-03-04 19:38:21,238] INFO [django.utils.autoreload.trigger_reload:236 autoreload] D:\RT\DjangoBlog-master\blog\context_processors.py changed, reloading.
[2021-03-04 19:38:22,477] INFO [django.utils.autoreload.run_with_reloader:612 autoreload] Watching for file changes with StatReloader
[2021-03-13 19:52:07,321] INFO [django.utils.autoreload.run_with_reloader:612 autoreload] Watching for file changes with StatReloader
[2021-03-13 19:52:11,161] INFO [blog.views.get_queryset_from_cache:70 views] set view cache.key:index_1
[2021-03-13 19:52:11,180] INFO [blog.context_processors.seo_processor:19 context_processors] set processor cache.
[2021-03-13 19:52:11,193] INFO [DjangoBlog.utils.get_blog_setting:219 utils] set cache get_blog_setting
[2021-03-13 19:52:13,299] INFO [blog.templatetags.blog_tags.load_sidebar:135 blog_tags] load sidebar
[2021-03-13 19:52:13,302] INFO [DjangoBlog.utils.news:65 utils] cache_decorator set cache:get_article_count key:e4c2e8347dc1feab1d7f4fbec751c6db
[2021-03-13 19:52:13,304] INFO [DjangoBlog.utils.news:65 utils] cache_decorator set cache:get_article_count key:52fa078a04a710eb6dcfad408d994195
[2021-03-13 19:52:13,305] INFO [DjangoBlog.utils.news:65 utils] cache_decorator set cache:get_article_count key:c08e7ced427d36b6b5f5fb1736824bc7
[2021-03-13 19:52:13,307] INFO [DjangoBlog.utils.news:65 utils] cache_decorator set cache:get_article_count key:7b8f25bbf83cc9185cf8d3ea4247e192
[2021-03-13 19:52:13,308] INFO [DjangoBlog.utils.news:65 utils] cache_decorator set cache:get_article_count key:6c8d0f4792996a34dfdd3527147239f8
[2021-03-13 19:52:13,309] INFO [DjangoBlog.utils.news:65 utils] cache_decorator set cache:get_article_count key:ef0f3a16ad34df083264a83af0fa697b
[2021-03-13 19:52:13,310] INFO [DjangoBlog.utils.news:65 utils] cache_decorator set cache:get_article_count key:c6f4676dacb76a02a354ede5c983841c
[2021-03-13 19:52:13,311] INFO [DjangoBlog.utils.news:65 utils] cache_decorator set cache:get_article_count key:a0ddc44000e8d0528a43acf6e689cf8d
[2021-03-13 19:52:13,313] INFO [DjangoBlog.utils.news:65 utils] cache_decorator set cache:get_article_count key:bbef7b9d6359d790a643bbfbcc5e13c6
[2021-03-13 19:52:13,314] INFO [DjangoBlog.utils.news:65 utils] cache_decorator set cache:get_article_count key:076ea4b2362d2673cc535ecf5cf3ccce
[2021-03-13 19:52:13,315] INFO [DjangoBlog.utils.news:65 utils] cache_decorator set cache:get_article_count key:c8655a52ecde67fbda482c325fc57822
[2021-03-13 19:52:13,317] INFO [DjangoBlog.utils.news:65 utils] cache_decorator set cache:get_article_count key:b8b283d9730ad8c72558341cf713c6a1
[2021-03-13 19:52:13,318] INFO [DjangoBlog.utils.news:65 utils] cache_decorator set cache:get_article_count key:f0c693b50625472073f7a4c49f119b47
[2021-03-13 19:52:13,320] INFO [DjangoBlog.utils.news:65 utils] cache_decorator set cache:get_article_count key:ea9d2a027fe3b804797a94375e5cf8d7
[2021-03-13 19:52:13,321] INFO [DjangoBlog.utils.news:65 utils] cache_decorator set cache:get_article_count key:5c27430876b393ec86eead11d4188a0f
[2021-03-13 19:52:13,322] INFO [DjangoBlog.utils.news:65 utils] cache_decorator set cache:get_article_count key:25c8221174780f60763f20ab8cf6b386
[2021-03-13 19:52:13,324] INFO [DjangoBlog.utils.news:65 utils] cache_decorator set cache:get_article_count key:4dfbac7625005866ff654d64521cce0e
[2021-03-13 19:52:13,325] INFO [DjangoBlog.utils.news:65 utils] cache_decorator set cache:get_article_count key:90101c67b99c2a886c9ba007ed714b7b
[2021-03-13 19:52:13,326] INFO [DjangoBlog.utils.news:65 utils] cache_decorator set cache:get_article_count key:a194f80326b58044b5bc55d6cb9123c9
[2021-03-13 19:52:13,328] INFO [DjangoBlog.utils.news:65 utils] cache_decorator set cache:get_article_count key:8dcabb7bc265483b9afc2ebb4d1de41e
